Determining if the function pcap_get_pfring_id exists failed with the following output:
Change Dir: /home/default/bro2/bro/build/CMakeFiles/CMakeTmp

Run Build Command:/usr/bin/make "cmTryCompileExec402450773/fast"
/usr/bin/make -f CMakeFiles/cmTryCompileExec402450773.dir/build.make CMakeFiles/cmTryCompileExec402450773.dir/build
make[1]: Entering directory `/home/default/bro2/bro/build/CMakeFiles/CMakeTmp'
/usr/bin/cmake -E cmake_progress_report /home/default/bro2/bro/build/CMakeFiles/CMakeTmp/CMakeFiles 1
Building C object CMakeFiles/cmTryCompileExec402450773.dir/CheckFunctionExists.c.o
/usr/local/bin/afl-clang-fast   -lpthread  -Wall -Wno-unused -DCHECK_FUNCTION_EXISTS=pcap_get_pfring_id   -o CMakeFiles/cmTryCompileExec402450773.dir/CheckFunctionExists.c.o   -c /usr/share/cmake-2.8/Modules/CheckFunctionExists.c
Linking C executable cmTryCompileExec402450773
/usr/bin/cmake -E cmake_link_script CMakeFiles/cmTryCompileExec402450773.dir/link.txt --verbose=1
/usr/local/bin/afl-clang-fast  -lpthread  -Wall -Wno-unused -DCHECK_FUNCTION_EXISTS=pcap_get_pfring_id   -lpthread CMakeFiles/cmTryCompileExec402450773.dir/CheckFunctionExists.c.o  -o cmTryCompileExec402450773 -rdynamic -lpcap 
CMakeFiles/cmTryCompileExec402450773.dir/CheckFunctionExists.c.o: In function `main':
/usr/share/cmake-2.8/Modules/CheckFunctionExists.c:11: undefined reference to `pcap_get_pfring_id'
clang: error: linker command failed with exit code 1 (use -v to see invocation)
make[1]: Leaving directory `/home/default/bro2/bro/build/CMakeFiles/CMakeTmp'
make[1]: *** [cmTryCompileExec402450773] Error 1
make: *** [cmTryCompileExec402450773/fast] Error 2


Performing C SOURCE FILE Test ns_initparse_works_none failed with the following output:
Change Dir: /home/default/bro2/bro/build/CMakeFiles/CMakeTmp

Run Build Command:/usr/bin/make "cmTryCompileExec2460356320/fast"
/usr/bin/make -f CMakeFiles/cmTryCompileExec2460356320.dir/build.make CMakeFiles/cmTryCompileExec2460356320.dir/build
make[1]: Entering directory `/home/default/bro2/bro/build/CMakeFiles/CMakeTmp'
/usr/bin/cmake -E cmake_progress_report /home/default/bro2/bro/build/CMakeFiles/CMakeTmp/CMakeFiles 1
Building C object CMakeFiles/cmTryCompileExec2460356320.dir/src.c.o
/usr/local/bin/afl-clang-fast   -lpthread  -Wall -Wno-unused -Dns_initparse_works_none   -o CMakeFiles/cmTryCompileExec2460356320.dir/src.c.o   -c /home/default/bro2/bro/build/CMakeFiles/CMakeTmp/src.c
Linking C executable cmTryCompileExec2460356320
/usr/bin/cmake -E cmake_link_script CMakeFiles/cmTryCompileExec2460356320.dir/link.txt --verbose=1
/usr/local/bin/afl-clang-fast  -lpthread  -Wall -Wno-unused -Dns_initparse_works_none   -lpthread CMakeFiles/cmTryCompileExec2460356320.dir/src.c.o  -o cmTryCompileExec2460356320 -rdynamic 
CMakeFiles/cmTryCompileExec2460356320.dir/src.c.o: In function `main':
/home/default/bro2/bro/build/CMakeFiles/CMakeTmp/src.c:4: undefined reference to `ns_initparse'
clang: error: linker command failed with exit code 1 (use -v to see invocation)
make[1]: Leaving directory `/home/default/bro2/bro/build/CMakeFiles/CMakeTmp'
make[1]: *** [cmTryCompileExec2460356320] Error 1
make: *** [cmTryCompileExec2460356320/fast] Error 2

Source file was:

        #include <arpa/nameser.h>
        int main() {
            ns_initparse(0, 0, 0);
            return 0;
        }

Determining if the system is big endian passed with the following output:
Change Dir: /home/default/bro2/bro/build/CMakeFiles/CMakeTmp

Run Build Command:/usr/bin/make "cmTryCompileExec3563426129/fast"
/usr/bin/make -f CMakeFiles/cmTryCompileExec3563426129.dir/build.make CMakeFiles/cmTryCompileExec3563426129.dir/build
make[1]: Entering directory `/home/default/bro2/bro/build/CMakeFiles/CMakeTmp'
/usr/bin/cmake -E cmake_progress_report /home/default/bro2/bro/build/CMakeFiles/CMakeTmp/CMakeFiles 1
Building C object CMakeFiles/cmTryCompileExec3563426129.dir/TestEndianess.c.o
/usr/local/bin/afl-clang-fast   -lpthread  -Wall -Wno-unused    -o CMakeFiles/cmTryCompileExec3563426129.dir/TestEndianess.c.o   -c /home/default/bro2/bro/build/CMakeFiles/CMakeTmp/TestEndianess.c
Linking C executable cmTryCompileExec3563426129
/usr/bin/cmake -E cmake_link_script CMakeFiles/cmTryCompileExec3563426129.dir/link.txt --verbose=1
/usr/local/bin/afl-clang-fast  -lpthread  -Wall -Wno-unused    -lpthread CMakeFiles/cmTryCompileExec3563426129.dir/TestEndianess.c.o  -o cmTryCompileExec3563426129 -rdynamic 
make[1]: Leaving directory `/home/default/bro2/bro/build/CMakeFiles/CMakeTmp'

TestEndianess.c:
/* A 16 bit integer is required. */
typedef unsigned short cmakeint16;

/* On a little endian machine, these 16bit ints will give "THIS IS LITTLE ENDIAN."
   On a big endian machine the characters will be exchanged pairwise. */
const cmakeint16 info_little[] =  {0x4854, 0x5349, 0x4920, 0x2053, 0x494c, 0x5454, 0x454c, 0x4520, 0x444e, 0x4149, 0x2e4e, 0x0000};

/* on a big endian machine, these 16bit ints will give "THIS IS BIG ENDIAN."
   On a little endian machine the characters will be exchanged pairwise. */
const cmakeint16 info_big[] =     {0x5448, 0x4953, 0x2049, 0x5320, 0x4249, 0x4720, 0x454e, 0x4449, 0x414e, 0x2e2e, 0x0000};

#ifdef __CLASSIC_C__
int main(argc, argv) int argc; char *argv[];
#else
int main(int argc, char *argv[])
#endif
{
  int require = 0;
  require += info_little[argc];
  require += info_big[argc];
  (void)argv;
  return require;
}


Determining if the system is big endian passed with the following output:
Change Dir: /home/default/bro2/bro/build/CMakeFiles/CMakeTmp

Run Build Command:/usr/bin/make "cmTryCompileExec89564257/fast"
/usr/bin/make -f CMakeFiles/cmTryCompileExec89564257.dir/build.make CMakeFiles/cmTryCompileExec89564257.dir/build
make[1]: Entering directory `/home/default/bro2/bro/build/CMakeFiles/CMakeTmp'
/usr/bin/cmake -E cmake_progress_report /home/default/bro2/bro/build/CMakeFiles/CMakeTmp/CMakeFiles 1
Building C object CMakeFiles/cmTryCompileExec89564257.dir/TestEndianess.c.o
/usr/local/bin/afl-clang-fast   -lpthread  -Wall -Wno-unused    -o CMakeFiles/cmTryCompileExec89564257.dir/TestEndianess.c.o   -c /home/default/bro2/bro/build/CMakeFiles/CMakeTmp/TestEndianess.c
Linking C executable cmTryCompileExec89564257
/usr/bin/cmake -E cmake_link_script CMakeFiles/cmTryCompileExec89564257.dir/link.txt --verbose=1
/usr/local/bin/afl-clang-fast  -lpthread  -Wall -Wno-unused    -lpthread CMakeFiles/cmTryCompileExec89564257.dir/TestEndianess.c.o  -o cmTryCompileExec89564257 -rdynamic 
make[1]: Leaving directory `/home/default/bro2/bro/build/CMakeFiles/CMakeTmp'

TestEndianess.c:
/* A 16 bit integer is required. */
typedef unsigned short cmakeint16;

/* On a little endian machine, these 16bit ints will give "THIS IS LITTLE ENDIAN."
   On a big endian machine the characters will be exchanged pairwise. */
const cmakeint16 info_little[] =  {0x4854, 0x5349, 0x4920, 0x2053, 0x494c, 0x5454, 0x454c, 0x4520, 0x444e, 0x4149, 0x2e4e, 0x0000};

/* on a big endian machine, these 16bit ints will give "THIS IS BIG ENDIAN."
   On a little endian machine the characters will be exchanged pairwise. */
const cmakeint16 info_big[] =     {0x5448, 0x4953, 0x2049, 0x5320, 0x4249, 0x4720, 0x454e, 0x4449, 0x414e, 0x2e2e, 0x0000};

#ifdef __CLASSIC_C__
int main(argc, argv) int argc; char *argv[];
#else
int main(int argc, char *argv[])
#endif
{
  int require = 0;
  require += info_little[argc];
  require += info_big[argc];
  (void)argv;
  return require;
}


Determining if the htonll exist failed with the following output:
Change Dir: /home/default/bro2/bro/build/CMakeFiles/CMakeTmp

Run Build Command:/usr/bin/make "cmTryCompileExec2512556282/fast"
/usr/bin/make -f CMakeFiles/cmTryCompileExec2512556282.dir/build.make CMakeFiles/cmTryCompileExec2512556282.dir/build
make[1]: Entering directory `/home/default/bro2/bro/build/CMakeFiles/CMakeTmp'
/usr/bin/cmake -E cmake_progress_report /home/default/bro2/bro/build/CMakeFiles/CMakeTmp/CMakeFiles 1
Building C object CMakeFiles/cmTryCompileExec2512556282.dir/CheckSymbolExists.c.o
/usr/local/bin/afl-clang-fast   -lpthread  -Wall -Wno-unused    -o CMakeFiles/cmTryCompileExec2512556282.dir/CheckSymbolExists.c.o   -c /home/default/bro2/bro/build/CMakeFiles/CMakeTmp/CheckSymbolExists.c
/home/default/bro2/bro/build/CMakeFiles/CMakeTmp/CheckSymbolExists.c:8:19: error: use of undeclared identifier 'htonll'; did you mean 'htonl'?
  return ((int*)(&htonll))[argc];
                  ^~~~~~
                  htonl
/usr/include/netinet/in.h:377:17: note: 'htonl' declared here
extern uint32_t htonl (uint32_t __hostlong)
                ^
1 error generated.
make[1]: Leaving directory `/home/default/bro2/bro/build/CMakeFiles/CMakeTmp'
make[1]: *** [CMakeFiles/cmTryCompileExec2512556282.dir/CheckSymbolExists.c.o] Error 1
make: *** [cmTryCompileExec2512556282/fast] Error 2

File /home/default/bro2/bro/build/CMakeFiles/CMakeTmp/CheckSymbolExists.c:
/* */
#include <arpa/inet.h>

int main(int argc, char** argv)
{
  (void)argv;
#ifndef htonll
  return ((int*)(&htonll))[argc];
#else
  (void)argc;
  return 0;
#endif
}

Determining if files sys/ethernet.h exist failed with the following output:
Change Dir: /home/default/bro2/bro/build/CMakeFiles/CMakeTmp

Run Build Command:/usr/bin/make "cmTryCompileExec1330066129/fast"
/usr/bin/make -f CMakeFiles/cmTryCompileExec1330066129.dir/build.make CMakeFiles/cmTryCompileExec1330066129.dir/build
make[1]: Entering directory `/home/default/bro2/bro/build/CMakeFiles/CMakeTmp'
/usr/bin/cmake -E cmake_progress_report /home/default/bro2/bro/build/CMakeFiles/CMakeTmp/CMakeFiles 1
Building C object CMakeFiles/cmTryCompileExec1330066129.dir/CheckIncludeFiles.c.o
/usr/local/bin/afl-clang-fast   -lpthread  -Wall -Wno-unused    -o CMakeFiles/cmTryCompileExec1330066129.dir/CheckIncludeFiles.c.o   -c /home/default/bro2/bro/build/CMakeFiles/CMakeTmp/CheckIncludeFiles.c
/home/default/bro2/bro/build/CMakeFiles/CMakeTmp/CheckIncludeFiles.c:2:10: fatal error: 'sys/ethernet.h' file not found
#include <sys/ethernet.h>
         ^
1 error generated.
make[1]: Leaving directory `/home/default/bro2/bro/build/CMakeFiles/CMakeTmp'
make[1]: *** [CMakeFiles/cmTryCompileExec1330066129.dir/CheckIncludeFiles.c.o] Error 1
make: *** [cmTryCompileExec1330066129/fast] Error 2

Source:
/* */
#include <sys/ethernet.h>


int main(){return 0;}

Determining if files net/ethertypes.h exist failed with the following output:
Change Dir: /home/default/bro2/bro/build/CMakeFiles/CMakeTmp

Run Build Command:/usr/bin/make "cmTryCompileExec3483533981/fast"
/usr/bin/make -f CMakeFiles/cmTryCompileExec3483533981.dir/build.make CMakeFiles/cmTryCompileExec3483533981.dir/build
make[1]: Entering directory `/home/default/bro2/bro/build/CMakeFiles/CMakeTmp'
/usr/bin/cmake -E cmake_progress_report /home/default/bro2/bro/build/CMakeFiles/CMakeTmp/CMakeFiles 1
Building C object CMakeFiles/cmTryCompileExec3483533981.dir/CheckIncludeFiles.c.o
/usr/local/bin/afl-clang-fast   -lpthread  -Wall -Wno-unused    -o CMakeFiles/cmTryCompileExec3483533981.dir/CheckIncludeFiles.c.o   -c /home/default/bro2/bro/build/CMakeFiles/CMakeTmp/CheckIncludeFiles.c
/home/default/bro2/bro/build/CMakeFiles/CMakeTmp/CheckIncludeFiles.c:2:10: fatal error: 'net/ethertypes.h' file not found
#include <net/ethertypes.h>
         ^
1 error generated.
make[1]: Leaving directory `/home/default/bro2/bro/build/CMakeFiles/CMakeTmp'
make[1]: *** [CMakeFiles/cmTryCompileExec3483533981.dir/CheckIncludeFiles.c.o] Error 1
make: *** [cmTryCompileExec3483533981/fast] Error 2

Source:
/* */
#include <net/ethertypes.h>


int main(){return 0;}

Determining if files os-proto.h exist failed with the following output:
Change Dir: /home/default/bro2/bro/build/CMakeFiles/CMakeTmp

Run Build Command:/usr/bin/make "cmTryCompileExec3749456325/fast"
/usr/bin/make -f CMakeFiles/cmTryCompileExec3749456325.dir/build.make CMakeFiles/cmTryCompileExec3749456325.dir/build
make[1]: Entering directory `/home/default/bro2/bro/build/CMakeFiles/CMakeTmp'
/usr/bin/cmake -E cmake_progress_report /home/default/bro2/bro/build/CMakeFiles/CMakeTmp/CMakeFiles 1
Building C object CMakeFiles/cmTryCompileExec3749456325.dir/CheckIncludeFiles.c.o
/usr/local/bin/afl-clang-fast   -lpthread  -Wall -Wno-unused    -o CMakeFiles/cmTryCompileExec3749456325.dir/CheckIncludeFiles.c.o   -c /home/default/bro2/bro/build/CMakeFiles/CMakeTmp/CheckIncludeFiles.c
/home/default/bro2/bro/build/CMakeFiles/CMakeTmp/CheckIncludeFiles.c:2:10: fatal error: 'os-proto.h' file not found
#include <os-proto.h>
         ^
1 error generated.
make[1]: Leaving directory `/home/default/bro2/bro/build/CMakeFiles/CMakeTmp'
make[1]: *** [CMakeFiles/cmTryCompileExec3749456325.dir/CheckIncludeFiles.c.o] Error 1
make: *** [cmTryCompileExec3749456325/fast] Error 2

Source:
/* */
#include <os-proto.h>


int main(){return 0;}

Performing C SOURCE FILE Test HAVE_READLINE_HISTORY_ENTRIES failed with the following output:
Change Dir: /home/default/bro2/bro/build/CMakeFiles/CMakeTmp

Run Build Command:/usr/bin/make "cmTryCompileExec1800556471/fast"
/usr/bin/make -f CMakeFiles/cmTryCompileExec1800556471.dir/build.make CMakeFiles/cmTryCompileExec1800556471.dir/build
make[1]: Entering directory `/home/default/bro2/bro/build/CMakeFiles/CMakeTmp'
/usr/bin/cmake -E cmake_progress_report /home/default/bro2/bro/build/CMakeFiles/CMakeTmp/CMakeFiles 1
Building C object CMakeFiles/cmTryCompileExec1800556471.dir/src.c.o
/usr/local/bin/afl-clang-fast   -lpthread  -Wall -Wno-unused -DHAVE_READLINE_HISTORY_ENTRIES   -o CMakeFiles/cmTryCompileExec1800556471.dir/src.c.o   -c /home/default/bro2/bro/build/CMakeFiles/CMakeTmp/src.c
/home/default/bro2/bro/build/CMakeFiles/CMakeTmp/src.c:3:10: fatal error: 'readline/readline.h' file not found
#include <readline/readline.h>
         ^
1 error generated.
make[1]: Leaving directory `/home/default/bro2/bro/build/CMakeFiles/CMakeTmp'
make[1]: *** [CMakeFiles/cmTryCompileExec1800556471.dir/src.c.o] Error 1
make: *** [cmTryCompileExec1800556471/fast] Error 2

Source file was:

#include <stdio.h>
#include <readline/readline.h>

int main()
{
   HISTORY_STATE* tmp;
   tmp->entries;
  return 0;
}

Determining if files stdio.h;readline/readline.h exist failed with the following output:
Change Dir: /home/default/bro2/bro/build/CMakeFiles/CMakeTmp

Run Build Command:/usr/bin/make "cmTryCompileExec764659561/fast"
/usr/bin/make -f CMakeFiles/cmTryCompileExec764659561.dir/build.make CMakeFiles/cmTryCompileExec764659561.dir/build
make[1]: Entering directory `/home/default/bro2/bro/build/CMakeFiles/CMakeTmp'
/usr/bin/cmake -E cmake_progress_report /home/default/bro2/bro/build/CMakeFiles/CMakeTmp/CMakeFiles 1
Building C object CMakeFiles/cmTryCompileExec764659561.dir/CheckIncludeFiles.c.o
/usr/local/bin/afl-clang-fast   -lpthread  -Wall -Wno-unused    -o CMakeFiles/cmTryCompileExec764659561.dir/CheckIncludeFiles.c.o   -c /home/default/bro2/bro/build/CMakeFiles/CMakeTmp/CheckIncludeFiles.c
/home/default/bro2/bro/build/CMakeFiles/CMakeTmp/CheckIncludeFiles.c:3:10: fatal error: 'readline/readline.h' file not found
#include <readline/readline.h>
         ^
1 error generated.
make[1]: Leaving directory `/home/default/bro2/bro/build/CMakeFiles/CMakeTmp'
make[1]: *** [CMakeFiles/cmTryCompileExec764659561.dir/CheckIncludeFiles.c.o] Error 1
make: *** [cmTryCompileExec764659561/fast] Error 2

Source:
/* */
#include <stdio.h>
#include <readline/readline.h>


int main(){return 0;}

Determining if files stdio.h;readline/history.h exist failed with the following output:
Change Dir: /home/default/bro2/bro/build/CMakeFiles/CMakeTmp

Run Build Command:/usr/bin/make "cmTryCompileExec64619291/fast"
/usr/bin/make -f CMakeFiles/cmTryCompileExec64619291.dir/build.make CMakeFiles/cmTryCompileExec64619291.dir/build
make[1]: Entering directory `/home/default/bro2/bro/build/CMakeFiles/CMakeTmp'
/usr/bin/cmake -E cmake_progress_report /home/default/bro2/bro/build/CMakeFiles/CMakeTmp/CMakeFiles 1
Building C object CMakeFiles/cmTryCompileExec64619291.dir/CheckIncludeFiles.c.o
/usr/local/bin/afl-clang-fast   -lpthread  -Wall -Wno-unused    -o CMakeFiles/cmTryCompileExec64619291.dir/CheckIncludeFiles.c.o   -c /home/default/bro2/bro/build/CMakeFiles/CMakeTmp/CheckIncludeFiles.c
/home/default/bro2/bro/build/CMakeFiles/CMakeTmp/CheckIncludeFiles.c:3:10: fatal error: 'readline/history.h' file not found
#include <readline/history.h>
         ^
1 error generated.
make[1]: Leaving directory `/home/default/bro2/bro/build/CMakeFiles/CMakeTmp'
make[1]: *** [CMakeFiles/cmTryCompileExec64619291.dir/CheckIncludeFiles.c.o] Error 1
make: *** [cmTryCompileExec64619291/fast] Error 2

Source:
/* */
#include <stdio.h>
#include <readline/history.h>


int main(){return 0;}

Performing C SOURCE FILE Test SIN_LEN failed with the following output:
Change Dir: /home/default/bro2/bro/build/CMakeFiles/CMakeTmp

Run Build Command:/usr/bin/make "cmTryCompileExec2002699930/fast"
/usr/bin/make -f CMakeFiles/cmTryCompileExec2002699930.dir/build.make CMakeFiles/cmTryCompileExec2002699930.dir/build
make[1]: Entering directory `/home/default/bro2/bro/build/CMakeFiles/CMakeTmp'
/usr/bin/cmake -E cmake_progress_report /home/default/bro2/bro/build/CMakeFiles/CMakeTmp/CMakeFiles 1
Building C object CMakeFiles/cmTryCompileExec2002699930.dir/src.c.o
/usr/local/bin/afl-clang-fast   -lpthread  -Wall -Wno-unused -DSIN_LEN   -o CMakeFiles/cmTryCompileExec2002699930.dir/src.c.o   -c /home/default/bro2/bro/build/CMakeFiles/CMakeTmp/src.c
/home/default/bro2/bro/build/CMakeFiles/CMakeTmp/src.c:7:9: error: no member named 'sin_len' in 'struct sockaddr_in'
   tmp->sin_len;
   ~~~  ^
1 error generated.
make[1]: Leaving directory `/home/default/bro2/bro/build/CMakeFiles/CMakeTmp'
make[1]: *** [CMakeFiles/cmTryCompileExec2002699930.dir/src.c.o] Error 1
make: *** [cmTryCompileExec2002699930/fast] Error 2

Source file was:

#include <netinet/in.h>

int main()
{
   struct sockaddr_in* tmp;
   tmp->sin_len;
  return 0;
}

Determining if the IPPROTO_IPV4 exist failed with the following output:
Change Dir: /home/default/bro2/bro/build/CMakeFiles/CMakeTmp

Run Build Command:/usr/bin/make "cmTryCompileExec426133171/fast"
/usr/bin/make -f CMakeFiles/cmTryCompileExec426133171.dir/build.make CMakeFiles/cmTryCompileExec426133171.dir/build
make[1]: Entering directory `/home/default/bro2/bro/build/CMakeFiles/CMakeTmp'
/usr/bin/cmake -E cmake_progress_report /home/default/bro2/bro/build/CMakeFiles/CMakeTmp/CMakeFiles 1
Building C object CMakeFiles/cmTryCompileExec426133171.dir/CheckSymbolExists.c.o
/usr/local/bin/afl-clang-fast   -lpthread  -Wall -Wno-unused    -o CMakeFiles/cmTryCompileExec426133171.dir/CheckSymbolExists.c.o   -c /home/default/bro2/bro/build/CMakeFiles/CMakeTmp/CheckSymbolExists.c
/home/default/bro2/bro/build/CMakeFiles/CMakeTmp/CheckSymbolExists.c:8:19: error: use of undeclared identifier 'IPPROTO_IPV4'; did you mean 'IPPROTO_IPV6'?
  return ((int*)(&IPPROTO_IPV4))[argc];
                  ^~~~~~~~~~~~
                  IPPROTO_IPV6
/usr/include/netinet/in.h:64:5: note: 'IPPROTO_IPV6' declared here
    IPPROTO_IPV6 = 41,     /* IPv6 header.  */
    ^
/home/default/bro2/bro/build/CMakeFiles/CMakeTmp/CheckSymbolExists.c:8:18: error: cannot take the address of an rvalue of type 'int'
  return ((int*)(&IPPROTO_IPV4))[argc];
                 ^~~~~~~~~~~~~
2 errors generated.
make[1]: Leaving directory `/home/default/bro2/bro/build/CMakeFiles/CMakeTmp'
make[1]: *** [CMakeFiles/cmTryCompileExec426133171.dir/CheckSymbolExists.c.o] Error 1
make: *** [cmTryCompileExec426133171/fast] Error 2

File /home/default/bro2/bro/build/CMakeFiles/CMakeTmp/CheckSymbolExists.c:
/* */
#include <netinet/in.h>

int main(int argc, char** argv)
{
  (void)argv;
#ifndef IPPROTO_IPV4
  return ((int*)(&IPPROTO_IPV4))[argc];
#else
  (void)argc;
  return 0;
#endif
}

Performing C SOURCE FILE Test DO_SOCK_DECL failed with the following output:
Change Dir: /home/default/bro2/bro/build/CMakeFiles/CMakeTmp

Run Build Command:/usr/bin/make "cmTryCompileExec2160660707/fast"
/usr/bin/make -f CMakeFiles/cmTryCompileExec2160660707.dir/build.make CMakeFiles/cmTryCompileExec2160660707.dir/build
make[1]: Entering directory `/home/default/bro2/bro/build/CMakeFiles/CMakeTmp'
/usr/bin/cmake -E cmake_progress_report /home/default/bro2/bro/build/CMakeFiles/CMakeTmp/CMakeFiles 1
Building C object CMakeFiles/cmTryCompileExec2160660707.dir/src.c.o
/usr/local/bin/afl-clang-fast   -lpthread  -Wall -Wno-unused -DDO_SOCK_DECL   -o CMakeFiles/cmTryCompileExec2160660707.dir/src.c.o   -c /home/default/bro2/bro/build/CMakeFiles/CMakeTmp/src.c
/home/default/bro2/bro/build/CMakeFiles/CMakeTmp/src.c:5:16: error: conflicting types for 'connect'
    extern int connect(int, const struct sockaddr *, int);
               ^
/usr/include/x86_64-linux-gnu/sys/socket.h:137:12: note: previous declaration is here
extern int connect (int __fd, __CONST_SOCKADDR_ARG __addr, socklen_t __len);
           ^
/home/default/bro2/bro/build/CMakeFiles/CMakeTmp/src.c:6:16: error: conflicting types for 'send'
    extern int send(int, const void *, int, int);
               ^
/usr/include/x86_64-linux-gnu/sys/socket.h:149:16: note: previous declaration is here
extern ssize_t send (int __fd, const void *__buf, size_t __n, int __flags);
               ^
/home/default/bro2/bro/build/CMakeFiles/CMakeTmp/src.c:7:16: error: conflicting types for 'recvfrom'
    extern int recvfrom(int, void *, int, int, struct sockaddr *, int *);
               ^
/usr/include/x86_64-linux-gnu/sys/socket.h:174:16: note: previous declaration is here
extern ssize_t recvfrom (int __fd, void *__restrict __buf, size_t __n,
               ^
3 errors generated.
make[1]: Leaving directory `/home/default/bro2/bro/build/CMakeFiles/CMakeTmp'
make[1]: *** [CMakeFiles/cmTryCompileExec2160660707.dir/src.c.o] Error 1
make: *** [cmTryCompileExec2160660707/fast] Error 2

Source file was:

    #include <sys/types.h>
    #include <sys/socket.h>
    extern int socket(int, int, int);
    extern int connect(int, const struct sockaddr *, int);
    extern int send(int, const void *, int, int);
    extern int recvfrom(int, void *, int, int, struct sockaddr *, int *);
    int main() { return 0; }

Performing C++ SOURCE FILE Test SYSLOG_INT failed with the following output:
Change Dir: /home/default/bro2/bro/build/CMakeFiles/CMakeTmp

Run Build Command:/usr/bin/make "cmTryCompileExec4110649655/fast"
/usr/bin/make -f CMakeFiles/cmTryCompileExec4110649655.dir/build.make CMakeFiles/cmTryCompileExec4110649655.dir/build
make[1]: Entering directory `/home/default/bro2/bro/build/CMakeFiles/CMakeTmp'
/usr/bin/cmake -E cmake_progress_report /home/default/bro2/bro/build/CMakeFiles/CMakeTmp/CMakeFiles 1
Building CXX object CMakeFiles/cmTryCompileExec4110649655.dir/src.cxx.o
/usr/local/bin/afl-clang-fast++    -lpthread  -Wall -Wno-unused -DSYSLOG_INT   -o CMakeFiles/cmTryCompileExec4110649655.dir/src.cxx.o -c /home/default/bro2/bro/build/CMakeFiles/CMakeTmp/src.cxx
/home/default/bro2/bro/build/CMakeFiles/CMakeTmp/src.cxx:5:13: error: functions that differ only in their return type cannot be overloaded
        int openlog(const char* ident, int logopt, int facility);
            ^
/usr/include/x86_64-linux-gnu/sys/syslog.h:181:13: note: previous declaration is here
extern void openlog (const char *__ident, int __option, int __facility);
            ^
/home/default/bro2/bro/build/CMakeFiles/CMakeTmp/src.cxx:6:13: error: functions that differ only in their return type cannot be overloaded
        int syslog(int priority, const char* message_fmt, ...);
            ^
/usr/include/x86_64-linux-gnu/sys/syslog.h:190:13: note: previous declaration is here
extern void syslog (int __pri, const char *__fmt, ...)
            ^
/home/default/bro2/bro/build/CMakeFiles/CMakeTmp/src.cxx:7:13: error: functions that differ only in their return type cannot be overloaded
        int closelog();
            ^
/usr/include/x86_64-linux-gnu/sys/syslog.h:175:13: note: previous declaration is here
extern void closelog (void);
            ^
3 errors generated.
make[1]: Leaving directory `/home/default/bro2/bro/build/CMakeFiles/CMakeTmp'
make[1]: *** [CMakeFiles/cmTryCompileExec4110649655.dir/src.cxx.o] Error 1
make: *** [cmTryCompileExec4110649655/fast] Error 2

Source file was:

    #include <stdlib.h>
    #include <syslog.h>
    extern "C" {
        int openlog(const char* ident, int logopt, int facility);
        int syslog(int priority, const char* message_fmt, ...);
        int closelog();
    }
    int main() { return 0; }

Determining if files pcap-int.h exist failed with the following output:
Change Dir: /home/default/bro2/bro/build/CMakeFiles/CMakeTmp

Run Build Command:/usr/bin/make "cmTryCompileExec3652937605/fast"
/usr/bin/make -f CMakeFiles/cmTryCompileExec3652937605.dir/build.make CMakeFiles/cmTryCompileExec3652937605.dir/build
make[1]: Entering directory `/home/default/bro2/bro/build/CMakeFiles/CMakeTmp'
/usr/bin/cmake -E cmake_progress_report /home/default/bro2/bro/build/CMakeFiles/CMakeTmp/CMakeFiles 1
Building C object CMakeFiles/cmTryCompileExec3652937605.dir/CheckIncludeFiles.c.o
/usr/local/bin/afl-clang-fast   -lpthread  -Wall -Wno-unused    -o CMakeFiles/cmTryCompileExec3652937605.dir/CheckIncludeFiles.c.o   -c /home/default/bro2/bro/build/CMakeFiles/CMakeTmp/CheckIncludeFiles.c
/home/default/bro2/bro/build/CMakeFiles/CMakeTmp/CheckIncludeFiles.c:2:10: fatal error: 'pcap-int.h' file not found
#include <pcap-int.h>
         ^
1 error generated.
make[1]: Leaving directory `/home/default/bro2/bro/build/CMakeFiles/CMakeTmp'
make[1]: *** [CMakeFiles/cmTryCompileExec3652937605.dir/CheckIncludeFiles.c.o] Error 1
make: *** [cmTryCompileExec3652937605/fast] Error 2

Source:
/* */
#include <pcap-int.h>


int main(){return 0;}

Performing C SOURCE FILE Test LIBPCAP_PCAP_COMPILE_NOPCAP_HAS_ERROR_PARAMETER failed with the following output:
Change Dir: /home/default/bro2/bro/build/CMakeFiles/CMakeTmp

Run Build Command:/usr/bin/make "cmTryCompileExec1596365772/fast"
/usr/bin/make -f CMakeFiles/cmTryCompileExec1596365772.dir/build.make CMakeFiles/cmTryCompileExec1596365772.dir/build
make[1]: Entering directory `/home/default/bro2/bro/build/CMakeFiles/CMakeTmp'
/usr/bin/cmake -E cmake_progress_report /home/default/bro2/bro/build/CMakeFiles/CMakeTmp/CMakeFiles 1
Building C object CMakeFiles/cmTryCompileExec1596365772.dir/src.c.o
/usr/local/bin/afl-clang-fast   -lpthread  -Wall -Wno-unused -DLIBPCAP_PCAP_COMPILE_NOPCAP_HAS_ERROR_PARAMETER   -o CMakeFiles/cmTryCompileExec1596365772.dir/src.c.o   -c /home/default/bro2/bro/build/CMakeFiles/CMakeTmp/src.c
/home/default/bro2/bro/build/CMakeFiles/CMakeTmp/src.c:17:57: error: too many arguments to function call, expected 6, have 7
        snaplen, linktype, &fp, str, optimize, netmask, &error);
                                                        ^~~~~~
/usr/include/pcap/pcap.h:391:1: note: 'pcap_compile_nopcap' declared here
int     pcap_compile_nopcap(int, int, struct bpf_program *,
^
1 error generated.
make[1]: Leaving directory `/home/default/bro2/bro/build/CMakeFiles/CMakeTmp'
make[1]: *** [CMakeFiles/cmTryCompileExec1596365772.dir/src.c.o] Error 1
make: *** [cmTryCompileExec1596365772/fast] Error 2

Source file was:

#include <pcap.h>
int main () {
    int snaplen;
    int linktype;
    struct bpf_program fp;
    int optimize;
    bpf_u_int32 netmask;
    char str[10];
    char error[1024];
    snaplen = 50;
    linktype = DLT_EN10MB;
    optimize = 1;
    netmask = 0L;
    str[0] = 'i'; str[1] = 'p'; str[2] = '\0';
    (void)pcap_compile_nopcap(
        snaplen, linktype, &fp, str, optimize, netmask, &error);
    return 0;
}

Determining if the function pcap_get_pfring_id exists failed with the following output:
Change Dir: /home/default/bro2/bro/build/CMakeFiles/CMakeTmp

Run Build Command:/usr/bin/make "cmTryCompileExec3022749312/fast"
/usr/bin/make -f CMakeFiles/cmTryCompileExec3022749312.dir/build.make CMakeFiles/cmTryCompileExec3022749312.dir/build
make[1]: Entering directory `/home/default/bro2/bro/build/CMakeFiles/CMakeTmp'
/usr/bin/cmake -E cmake_progress_report /home/default/bro2/bro/build/CMakeFiles/CMakeTmp/CMakeFiles 1
Building C object CMakeFiles/cmTryCompileExec3022749312.dir/CheckFunctionExists.c.o
/usr/local/bin/afl-clang-fast   -Wall -Wno-unused -DCHECK_FUNCTION_EXISTS=pcap_get_pfring_id   -o CMakeFiles/cmTryCompileExec3022749312.dir/CheckFunctionExists.c.o   -c /usr/share/cmake-2.8/Modules/CheckFunctionExists.c
Linking C executable cmTryCompileExec3022749312
/usr/bin/cmake -E cmake_link_script CMakeFiles/cmTryCompileExec3022749312.dir/link.txt --verbose=1
/usr/local/bin/afl-clang-fast   -Wall -Wno-unused -DCHECK_FUNCTION_EXISTS=pcap_get_pfring_id    CMakeFiles/cmTryCompileExec3022749312.dir/CheckFunctionExists.c.o  -o cmTryCompileExec3022749312 -rdynamic -lpcap 
CMakeFiles/cmTryCompileExec3022749312.dir/CheckFunctionExists.c.o: In function `main':
/usr/share/cmake-2.8/Modules/CheckFunctionExists.c:11: undefined reference to `pcap_get_pfring_id'
clang: error: linker command failed with exit code 1 (use -v to see invocation)
make[1]: Leaving directory `/home/default/bro2/bro/build/CMakeFiles/CMakeTmp'
make[1]: *** [cmTryCompileExec3022749312] Error 1
make: *** [cmTryCompileExec3022749312/fast] Error 2


Performing C SOURCE FILE Test ns_initparse_works_none failed with the following output:
Change Dir: /home/default/bro2/bro/build/CMakeFiles/CMakeTmp

Run Build Command:/usr/bin/make "cmTryCompileExec2339649254/fast"
/usr/bin/make -f CMakeFiles/cmTryCompileExec2339649254.dir/build.make CMakeFiles/cmTryCompileExec2339649254.dir/build
make[1]: Entering directory `/home/default/bro2/bro/build/CMakeFiles/CMakeTmp'
/usr/bin/cmake -E cmake_progress_report /home/default/bro2/bro/build/CMakeFiles/CMakeTmp/CMakeFiles 1
Building C object CMakeFiles/cmTryCompileExec2339649254.dir/src.c.o
/usr/local/bin/afl-clang-fast   -Wall -Wno-unused -Dns_initparse_works_none   -o CMakeFiles/cmTryCompileExec2339649254.dir/src.c.o   -c /home/default/bro2/bro/build/CMakeFiles/CMakeTmp/src.c
Linking C executable cmTryCompileExec2339649254
/usr/bin/cmake -E cmake_link_script CMakeFiles/cmTryCompileExec2339649254.dir/link.txt --verbose=1
/usr/local/bin/afl-clang-fast   -Wall -Wno-unused -Dns_initparse_works_none    CMakeFiles/cmTryCompileExec2339649254.dir/src.c.o  -o cmTryCompileExec2339649254 -rdynamic 
CMakeFiles/cmTryCompileExec2339649254.dir/src.c.o: In function `main':
/home/default/bro2/bro/build/CMakeFiles/CMakeTmp/src.c:4: undefined reference to `ns_initparse'
clang: error: linker command failed with exit code 1 (use -v to see invocation)
make[1]: Leaving directory `/home/default/bro2/bro/build/CMakeFiles/CMakeTmp'
make[1]: *** [cmTryCompileExec2339649254] Error 1
make: *** [cmTryCompileExec2339649254/fast] Error 2

Source file was:

        #include <arpa/nameser.h>
        int main() {
            ns_initparse(0, 0, 0);
            return 0;
        }

Determining if the system is big endian passed with the following output:
Change Dir: /home/default/bro2/bro/build/CMakeFiles/CMakeTmp

Run Build Command:/usr/bin/make "cmTryCompileExec917478829/fast"
/usr/bin/make -f CMakeFiles/cmTryCompileExec917478829.dir/build.make CMakeFiles/cmTryCompileExec917478829.dir/build
make[1]: Entering directory `/home/default/bro2/bro/build/CMakeFiles/CMakeTmp'
/usr/bin/cmake -E cmake_progress_report /home/default/bro2/bro/build/CMakeFiles/CMakeTmp/CMakeFiles 1
Building C object CMakeFiles/cmTryCompileExec917478829.dir/TestEndianess.c.o
/usr/local/bin/afl-clang-fast   -Wall -Wno-unused    -o CMakeFiles/cmTryCompileExec917478829.dir/TestEndianess.c.o   -c /home/default/bro2/bro/build/CMakeFiles/CMakeTmp/TestEndianess.c
Linking C executable cmTryCompileExec917478829
/usr/bin/cmake -E cmake_link_script CMakeFiles/cmTryCompileExec917478829.dir/link.txt --verbose=1
/usr/local/bin/afl-clang-fast   -Wall -Wno-unused     CMakeFiles/cmTryCompileExec917478829.dir/TestEndianess.c.o  -o cmTryCompileExec917478829 -rdynamic 
make[1]: Leaving directory `/home/default/bro2/bro/build/CMakeFiles/CMakeTmp'

TestEndianess.c:
/* A 16 bit integer is required. */
typedef unsigned short cmakeint16;

/* On a little endian machine, these 16bit ints will give "THIS IS LITTLE ENDIAN."
   On a big endian machine the characters will be exchanged pairwise. */
const cmakeint16 info_little[] =  {0x4854, 0x5349, 0x4920, 0x2053, 0x494c, 0x5454, 0x454c, 0x4520, 0x444e, 0x4149, 0x2e4e, 0x0000};

/* on a big endian machine, these 16bit ints will give "THIS IS BIG ENDIAN."
   On a little endian machine the characters will be exchanged pairwise. */
const cmakeint16 info_big[] =     {0x5448, 0x4953, 0x2049, 0x5320, 0x4249, 0x4720, 0x454e, 0x4449, 0x414e, 0x2e2e, 0x0000};

#ifdef __CLASSIC_C__
int main(argc, argv) int argc; char *argv[];
#else
int main(int argc, char *argv[])
#endif
{
  int require = 0;
  require += info_little[argc];
  require += info_big[argc];
  (void)argv;
  return require;
}


Determining if the system is big endian passed with the following output:
Change Dir: /home/default/bro2/bro/build/CMakeFiles/CMakeTmp

Run Build Command:/usr/bin/make "cmTryCompileExec1910270294/fast"
/usr/bin/make -f CMakeFiles/cmTryCompileExec1910270294.dir/build.make CMakeFiles/cmTryCompileExec1910270294.dir/build
make[1]: Entering directory `/home/default/bro2/bro/build/CMakeFiles/CMakeTmp'
/usr/bin/cmake -E cmake_progress_report /home/default/bro2/bro/build/CMakeFiles/CMakeTmp/CMakeFiles 1
Building C object CMakeFiles/cmTryCompileExec1910270294.dir/TestEndianess.c.o
/usr/local/bin/afl-clang-fast   -Wall -Wno-unused    -o CMakeFiles/cmTryCompileExec1910270294.dir/TestEndianess.c.o   -c /home/default/bro2/bro/build/CMakeFiles/CMakeTmp/TestEndianess.c
Linking C executable cmTryCompileExec1910270294
/usr/bin/cmake -E cmake_link_script CMakeFiles/cmTryCompileExec1910270294.dir/link.txt --verbose=1
/usr/local/bin/afl-clang-fast   -Wall -Wno-unused     CMakeFiles/cmTryCompileExec1910270294.dir/TestEndianess.c.o  -o cmTryCompileExec1910270294 -rdynamic 
make[1]: Leaving directory `/home/default/bro2/bro/build/CMakeFiles/CMakeTmp'

TestEndianess.c:
/* A 16 bit integer is required. */
typedef unsigned short cmakeint16;

/* On a little endian machine, these 16bit ints will give "THIS IS LITTLE ENDIAN."
   On a big endian machine the characters will be exchanged pairwise. */
const cmakeint16 info_little[] =  {0x4854, 0x5349, 0x4920, 0x2053, 0x494c, 0x5454, 0x454c, 0x4520, 0x444e, 0x4149, 0x2e4e, 0x0000};

/* on a big endian machine, these 16bit ints will give "THIS IS BIG ENDIAN."
   On a little endian machine the characters will be exchanged pairwise. */
const cmakeint16 info_big[] =     {0x5448, 0x4953, 0x2049, 0x5320, 0x4249, 0x4720, 0x454e, 0x4449, 0x414e, 0x2e2e, 0x0000};

#ifdef __CLASSIC_C__
int main(argc, argv) int argc; char *argv[];
#else
int main(int argc, char *argv[])
#endif
{
  int require = 0;
  require += info_little[argc];
  require += info_big[argc];
  (void)argv;
  return require;
}


Determining if the htonll exist failed with the following output:
Change Dir: /home/default/bro2/bro/build/CMakeFiles/CMakeTmp

Run Build Command:/usr/bin/make "cmTryCompileExec2351216106/fast"
/usr/bin/make -f CMakeFiles/cmTryCompileExec2351216106.dir/build.make CMakeFiles/cmTryCompileExec2351216106.dir/build
make[1]: Entering directory `/home/default/bro2/bro/build/CMakeFiles/CMakeTmp'
/usr/bin/cmake -E cmake_progress_report /home/default/bro2/bro/build/CMakeFiles/CMakeTmp/CMakeFiles 1
Building C object CMakeFiles/cmTryCompileExec2351216106.dir/CheckSymbolExists.c.o
/usr/local/bin/afl-clang-fast   -Wall -Wno-unused    -o CMakeFiles/cmTryCompileExec2351216106.dir/CheckSymbolExists.c.o   -c /home/default/bro2/bro/build/CMakeFiles/CMakeTmp/CheckSymbolExists.c
/home/default/bro2/bro/build/CMakeFiles/CMakeTmp/CheckSymbolExists.c:8:19: error: use of undeclared identifier 'htonll'; did you mean 'htonl'?
  return ((int*)(&htonll))[argc];
                  ^~~~~~
                  htonl
/usr/include/netinet/in.h:377:17: note: 'htonl' declared here
extern uint32_t htonl (uint32_t __hostlong)
                ^
1 error generated.
make[1]: Leaving directory `/home/default/bro2/bro/build/CMakeFiles/CMakeTmp'
make[1]: *** [CMakeFiles/cmTryCompileExec2351216106.dir/CheckSymbolExists.c.o] Error 1
make: *** [cmTryCompileExec2351216106/fast] Error 2

File /home/default/bro2/bro/build/CMakeFiles/CMakeTmp/CheckSymbolExists.c:
/* */
#include <arpa/inet.h>

int main(int argc, char** argv)
{
  (void)argv;
#ifndef htonll
  return ((int*)(&htonll))[argc];
#else
  (void)argc;
  return 0;
#endif
}

Determining if files sys/ethernet.h exist failed with the following output:
Change Dir: /home/default/bro2/bro/build/CMakeFiles/CMakeTmp

Run Build Command:/usr/bin/make "cmTryCompileExec4253106030/fast"
/usr/bin/make -f CMakeFiles/cmTryCompileExec4253106030.dir/build.make CMakeFiles/cmTryCompileExec4253106030.dir/build
make[1]: Entering directory `/home/default/bro2/bro/build/CMakeFiles/CMakeTmp'
/usr/bin/cmake -E cmake_progress_report /home/default/bro2/bro/build/CMakeFiles/CMakeTmp/CMakeFiles 1
Building C object CMakeFiles/cmTryCompileExec4253106030.dir/CheckIncludeFiles.c.o
/usr/local/bin/afl-clang-fast   -Wall -Wno-unused    -o CMakeFiles/cmTryCompileExec4253106030.dir/CheckIncludeFiles.c.o   -c /home/default/bro2/bro/build/CMakeFiles/CMakeTmp/CheckIncludeFiles.c
/home/default/bro2/bro/build/CMakeFiles/CMakeTmp/CheckIncludeFiles.c:2:10: fatal error: 'sys/ethernet.h' file not found
#include <sys/ethernet.h>
         ^
1 error generated.
make[1]: Leaving directory `/home/default/bro2/bro/build/CMakeFiles/CMakeTmp'
make[1]: *** [CMakeFiles/cmTryCompileExec4253106030.dir/CheckIncludeFiles.c.o] Error 1
make: *** [cmTryCompileExec4253106030/fast] Error 2

Source:
/* */
#include <sys/ethernet.h>


int main(){return 0;}

Determining if files net/ethertypes.h exist failed with the following output:
Change Dir: /home/default/bro2/bro/build/CMakeFiles/CMakeTmp

Run Build Command:/usr/bin/make "cmTryCompileExec660288807/fast"
/usr/bin/make -f CMakeFiles/cmTryCompileExec660288807.dir/build.make CMakeFiles/cmTryCompileExec660288807.dir/build
make[1]: Entering directory `/home/default/bro2/bro/build/CMakeFiles/CMakeTmp'
/usr/bin/cmake -E cmake_progress_report /home/default/bro2/bro/build/CMakeFiles/CMakeTmp/CMakeFiles 1
Building C object CMakeFiles/cmTryCompileExec660288807.dir/CheckIncludeFiles.c.o
/usr/local/bin/afl-clang-fast   -Wall -Wno-unused    -o CMakeFiles/cmTryCompileExec660288807.dir/CheckIncludeFiles.c.o   -c /home/default/bro2/bro/build/CMakeFiles/CMakeTmp/CheckIncludeFiles.c
/home/default/bro2/bro/build/CMakeFiles/CMakeTmp/CheckIncludeFiles.c:2:10: fatal error: 'net/ethertypes.h' file not found
#include <net/ethertypes.h>
         ^
1 error generated.
make[1]: Leaving directory `/home/default/bro2/bro/build/CMakeFiles/CMakeTmp'
make[1]: *** [CMakeFiles/cmTryCompileExec660288807.dir/CheckIncludeFiles.c.o] Error 1
make: *** [cmTryCompileExec660288807/fast] Error 2

Source:
/* */
#include <net/ethertypes.h>


int main(){return 0;}

Determining if files os-proto.h exist failed with the following output:
Change Dir: /home/default/bro2/bro/build/CMakeFiles/CMakeTmp

Run Build Command:/usr/bin/make "cmTryCompileExec81906006/fast"
/usr/bin/make -f CMakeFiles/cmTryCompileExec81906006.dir/build.make CMakeFiles/cmTryCompileExec81906006.dir/build
make[1]: Entering directory `/home/default/bro2/bro/build/CMakeFiles/CMakeTmp'
/usr/bin/cmake -E cmake_progress_report /home/default/bro2/bro/build/CMakeFiles/CMakeTmp/CMakeFiles 1
Building C object CMakeFiles/cmTryCompileExec81906006.dir/CheckIncludeFiles.c.o
/usr/local/bin/afl-clang-fast   -Wall -Wno-unused    -o CMakeFiles/cmTryCompileExec81906006.dir/CheckIncludeFiles.c.o   -c /home/default/bro2/bro/build/CMakeFiles/CMakeTmp/CheckIncludeFiles.c
/home/default/bro2/bro/build/CMakeFiles/CMakeTmp/CheckIncludeFiles.c:2:10: fatal error: 'os-proto.h' file not found
#include <os-proto.h>
         ^
1 error generated.
make[1]: Leaving directory `/home/default/bro2/bro/build/CMakeFiles/CMakeTmp'
make[1]: *** [CMakeFiles/cmTryCompileExec81906006.dir/CheckIncludeFiles.c.o] Error 1
make: *** [cmTryCompileExec81906006/fast] Error 2

Source:
/* */
#include <os-proto.h>


int main(){return 0;}

Performing C SOURCE FILE Test HAVE_READLINE_HISTORY_ENTRIES failed with the following output:
Change Dir: /home/default/bro2/bro/build/CMakeFiles/CMakeTmp

Run Build Command:/usr/bin/make "cmTryCompileExec1046260462/fast"
/usr/bin/make -f CMakeFiles/cmTryCompileExec1046260462.dir/build.make CMakeFiles/cmTryCompileExec1046260462.dir/build
make[1]: Entering directory `/home/default/bro2/bro/build/CMakeFiles/CMakeTmp'
/usr/bin/cmake -E cmake_progress_report /home/default/bro2/bro/build/CMakeFiles/CMakeTmp/CMakeFiles 1
Building C object CMakeFiles/cmTryCompileExec1046260462.dir/src.c.o
/usr/local/bin/afl-clang-fast   -Wall -Wno-unused -DHAVE_READLINE_HISTORY_ENTRIES   -o CMakeFiles/cmTryCompileExec1046260462.dir/src.c.o   -c /home/default/bro2/bro/build/CMakeFiles/CMakeTmp/src.c
/home/default/bro2/bro/build/CMakeFiles/CMakeTmp/src.c:3:10: fatal error: 'readline/readline.h' file not found
#include <readline/readline.h>
         ^
1 error generated.
make[1]: Leaving directory `/home/default/bro2/bro/build/CMakeFiles/CMakeTmp'
make[1]: *** [CMakeFiles/cmTryCompileExec1046260462.dir/src.c.o] Error 1
make: *** [cmTryCompileExec1046260462/fast] Error 2

Source file was:

#include <stdio.h>
#include <readline/readline.h>

int main()
{
   HISTORY_STATE* tmp;
   tmp->entries;
  return 0;
}

Determining if files stdio.h;readline/readline.h exist failed with the following output:
Change Dir: /home/default/bro2/bro/build/CMakeFiles/CMakeTmp

Run Build Command:/usr/bin/make "cmTryCompileExec172107672/fast"
/usr/bin/make -f CMakeFiles/cmTryCompileExec172107672.dir/build.make CMakeFiles/cmTryCompileExec172107672.dir/build
make[1]: Entering directory `/home/default/bro2/bro/build/CMakeFiles/CMakeTmp'
/usr/bin/cmake -E cmake_progress_report /home/default/bro2/bro/build/CMakeFiles/CMakeTmp/CMakeFiles 1
Building C object CMakeFiles/cmTryCompileExec172107672.dir/CheckIncludeFiles.c.o
/usr/local/bin/afl-clang-fast   -Wall -Wno-unused    -o CMakeFiles/cmTryCompileExec172107672.dir/CheckIncludeFiles.c.o   -c /home/default/bro2/bro/build/CMakeFiles/CMakeTmp/CheckIncludeFiles.c
/home/default/bro2/bro/build/CMakeFiles/CMakeTmp/CheckIncludeFiles.c:3:10: fatal error: 'readline/readline.h' file not found
#include <readline/readline.h>
         ^
1 error generated.
make[1]: Leaving directory `/home/default/bro2/bro/build/CMakeFiles/CMakeTmp'
make[1]: *** [CMakeFiles/cmTryCompileExec172107672.dir/CheckIncludeFiles.c.o] Error 1
make: *** [cmTryCompileExec172107672/fast] Error 2

Source:
/* */
#include <stdio.h>
#include <readline/readline.h>


int main(){return 0;}

Determining if files stdio.h;readline/history.h exist failed with the following output:
Change Dir: /home/default/bro2/bro/build/CMakeFiles/CMakeTmp

Run Build Command:/usr/bin/make "cmTryCompileExec47803527/fast"
/usr/bin/make -f CMakeFiles/cmTryCompileExec47803527.dir/build.make CMakeFiles/cmTryCompileExec47803527.dir/build
make[1]: Entering directory `/home/default/bro2/bro/build/CMakeFiles/CMakeTmp'
/usr/bin/cmake -E cmake_progress_report /home/default/bro2/bro/build/CMakeFiles/CMakeTmp/CMakeFiles 1
Building C object CMakeFiles/cmTryCompileExec47803527.dir/CheckIncludeFiles.c.o
/usr/local/bin/afl-clang-fast   -Wall -Wno-unused    -o CMakeFiles/cmTryCompileExec47803527.dir/CheckIncludeFiles.c.o   -c /home/default/bro2/bro/build/CMakeFiles/CMakeTmp/CheckIncludeFiles.c
/home/default/bro2/bro/build/CMakeFiles/CMakeTmp/CheckIncludeFiles.c:3:10: fatal error: 'readline/history.h' file not found
#include <readline/history.h>
         ^
1 error generated.
make[1]: Leaving directory `/home/default/bro2/bro/build/CMakeFiles/CMakeTmp'
make[1]: *** [CMakeFiles/cmTryCompileExec47803527.dir/CheckIncludeFiles.c.o] Error 1
make: *** [cmTryCompileExec47803527/fast] Error 2

Source:
/* */
#include <stdio.h>
#include <readline/history.h>


int main(){return 0;}

Performing C SOURCE FILE Test SIN_LEN failed with the following output:
Change Dir: /home/default/bro2/bro/build/CMakeFiles/CMakeTmp

Run Build Command:/usr/bin/make "cmTryCompileExec3871490127/fast"
/usr/bin/make -f CMakeFiles/cmTryCompileExec3871490127.dir/build.make CMakeFiles/cmTryCompileExec3871490127.dir/build
make[1]: Entering directory `/home/default/bro2/bro/build/CMakeFiles/CMakeTmp'
/usr/bin/cmake -E cmake_progress_report /home/default/bro2/bro/build/CMakeFiles/CMakeTmp/CMakeFiles 1
Building C object CMakeFiles/cmTryCompileExec3871490127.dir/src.c.o
/usr/local/bin/afl-clang-fast   -Wall -Wno-unused -DSIN_LEN   -o CMakeFiles/cmTryCompileExec3871490127.dir/src.c.o   -c /home/default/bro2/bro/build/CMakeFiles/CMakeTmp/src.c
/home/default/bro2/bro/build/CMakeFiles/CMakeTmp/src.c:7:9: error: no member named 'sin_len' in 'struct sockaddr_in'
   tmp->sin_len;
   ~~~  ^
1 error generated.
make[1]: Leaving directory `/home/default/bro2/bro/build/CMakeFiles/CMakeTmp'
make[1]: *** [CMakeFiles/cmTryCompileExec3871490127.dir/src.c.o] Error 1
make: *** [cmTryCompileExec3871490127/fast] Error 2

Source file was:

#include <netinet/in.h>

int main()
{
   struct sockaddr_in* tmp;
   tmp->sin_len;
  return 0;
}

Determining if the IPPROTO_IPV4 exist failed with the following output:
Change Dir: /home/default/bro2/bro/build/CMakeFiles/CMakeTmp

Run Build Command:/usr/bin/make "cmTryCompileExec2973254305/fast"
/usr/bin/make -f CMakeFiles/cmTryCompileExec2973254305.dir/build.make CMakeFiles/cmTryCompileExec2973254305.dir/build
make[1]: Entering directory `/home/default/bro2/bro/build/CMakeFiles/CMakeTmp'
/usr/bin/cmake -E cmake_progress_report /home/default/bro2/bro/build/CMakeFiles/CMakeTmp/CMakeFiles 1
Building C object CMakeFiles/cmTryCompileExec2973254305.dir/CheckSymbolExists.c.o
/usr/local/bin/afl-clang-fast   -Wall -Wno-unused    -o CMakeFiles/cmTryCompileExec2973254305.dir/CheckSymbolExists.c.o   -c /home/default/bro2/bro/build/CMakeFiles/CMakeTmp/CheckSymbolExists.c
/home/default/bro2/bro/build/CMakeFiles/CMakeTmp/CheckSymbolExists.c:8:19: error: use of undeclared identifier 'IPPROTO_IPV4'; did you mean 'IPPROTO_IPV6'?
  return ((int*)(&IPPROTO_IPV4))[argc];
                  ^~~~~~~~~~~~
                  IPPROTO_IPV6
/usr/include/netinet/in.h:64:5: note: 'IPPROTO_IPV6' declared here
    IPPROTO_IPV6 = 41,     /* IPv6 header.  */
    ^
/home/default/bro2/bro/build/CMakeFiles/CMakeTmp/CheckSymbolExists.c:8:18: error: cannot take the address of an rvalue of type 'int'
  return ((int*)(&IPPROTO_IPV4))[argc];
                 ^~~~~~~~~~~~~
2 errors generated.
make[1]: Leaving directory `/home/default/bro2/bro/build/CMakeFiles/CMakeTmp'
make[1]: *** [CMakeFiles/cmTryCompileExec2973254305.dir/CheckSymbolExists.c.o] Error 1
make: *** [cmTryCompileExec2973254305/fast] Error 2

File /home/default/bro2/bro/build/CMakeFiles/CMakeTmp/CheckSymbolExists.c:
/* */
#include <netinet/in.h>

int main(int argc, char** argv)
{
  (void)argv;
#ifndef IPPROTO_IPV4
  return ((int*)(&IPPROTO_IPV4))[argc];
#else
  (void)argc;
  return 0;
#endif
}

Performing C SOURCE FILE Test DO_SOCK_DECL failed with the following output:
Change Dir: /home/default/bro2/bro/build/CMakeFiles/CMakeTmp

Run Build Command:/usr/bin/make "cmTryCompileExec830792915/fast"
/usr/bin/make -f CMakeFiles/cmTryCompileExec830792915.dir/build.make CMakeFiles/cmTryCompileExec830792915.dir/build
make[1]: Entering directory `/home/default/bro2/bro/build/CMakeFiles/CMakeTmp'
/usr/bin/cmake -E cmake_progress_report /home/default/bro2/bro/build/CMakeFiles/CMakeTmp/CMakeFiles 1
Building C object CMakeFiles/cmTryCompileExec830792915.dir/src.c.o
/usr/local/bin/afl-clang-fast   -Wall -Wno-unused -DDO_SOCK_DECL   -o CMakeFiles/cmTryCompileExec830792915.dir/src.c.o   -c /home/default/bro2/bro/build/CMakeFiles/CMakeTmp/src.c
/home/default/bro2/bro/build/CMakeFiles/CMakeTmp/src.c:5:16: error: conflicting types for 'connect'
    extern int connect(int, const struct sockaddr *, int);
               ^
/usr/include/x86_64-linux-gnu/sys/socket.h:137:12: note: previous declaration is here
extern int connect (int __fd, __CONST_SOCKADDR_ARG __addr, socklen_t __len);
           ^
/home/default/bro2/bro/build/CMakeFiles/CMakeTmp/src.c:6:16: error: conflicting types for 'send'
    extern int send(int, const void *, int, int);
               ^
/usr/include/x86_64-linux-gnu/sys/socket.h:149:16: note: previous declaration is here
extern ssize_t send (int __fd, const void *__buf, size_t __n, int __flags);
               ^
/home/default/bro2/bro/build/CMakeFiles/CMakeTmp/src.c:7:16: error: conflicting types for 'recvfrom'
    extern int recvfrom(int, void *, int, int, struct sockaddr *, int *);
               ^
/usr/include/x86_64-linux-gnu/sys/socket.h:174:16: note: previous declaration is here
extern ssize_t recvfrom (int __fd, void *__restrict __buf, size_t __n,
               ^
3 errors generated.
make[1]: Leaving directory `/home/default/bro2/bro/build/CMakeFiles/CMakeTmp'
make[1]: *** [CMakeFiles/cmTryCompileExec830792915.dir/src.c.o] Error 1
make: *** [cmTryCompileExec830792915/fast] Error 2

Source file was:

    #include <sys/types.h>
    #include <sys/socket.h>
    extern int socket(int, int, int);
    extern int connect(int, const struct sockaddr *, int);
    extern int send(int, const void *, int, int);
    extern int recvfrom(int, void *, int, int, struct sockaddr *, int *);
    int main() { return 0; }

Performing C++ SOURCE FILE Test SYSLOG_INT failed with the following output:
Change Dir: /home/default/bro2/bro/build/CMakeFiles/CMakeTmp

Run Build Command:/usr/bin/make "cmTryCompileExec1816853157/fast"
/usr/bin/make -f CMakeFiles/cmTryCompileExec1816853157.dir/build.make CMakeFiles/cmTryCompileExec1816853157.dir/build
make[1]: Entering directory `/home/default/bro2/bro/build/CMakeFiles/CMakeTmp'
/usr/bin/cmake -E cmake_progress_report /home/default/bro2/bro/build/CMakeFiles/CMakeTmp/CMakeFiles 1
Building CXX object CMakeFiles/cmTryCompileExec1816853157.dir/src.cxx.o
/usr/local/bin/afl-clang-fast++    -Wall -Wno-unused -DSYSLOG_INT   -o CMakeFiles/cmTryCompileExec1816853157.dir/src.cxx.o -c /home/default/bro2/bro/build/CMakeFiles/CMakeTmp/src.cxx
/home/default/bro2/bro/build/CMakeFiles/CMakeTmp/src.cxx:5:13: error: functions that differ only in their return type cannot be overloaded
        int openlog(const char* ident, int logopt, int facility);
            ^
/usr/include/x86_64-linux-gnu/sys/syslog.h:181:13: note: previous declaration is here
extern void openlog (const char *__ident, int __option, int __facility);
            ^
/home/default/bro2/bro/build/CMakeFiles/CMakeTmp/src.cxx:6:13: error: functions that differ only in their return type cannot be overloaded
        int syslog(int priority, const char* message_fmt, ...);
            ^
/usr/include/x86_64-linux-gnu/sys/syslog.h:190:13: note: previous declaration is here
extern void syslog (int __pri, const char *__fmt, ...)
            ^
/home/default/bro2/bro/build/CMakeFiles/CMakeTmp/src.cxx:7:13: error: functions that differ only in their return type cannot be overloaded
        int closelog();
            ^
/usr/include/x86_64-linux-gnu/sys/syslog.h:175:13: note: previous declaration is here
extern void closelog (void);
            ^
3 errors generated.
make[1]: Leaving directory `/home/default/bro2/bro/build/CMakeFiles/CMakeTmp'
make[1]: *** [CMakeFiles/cmTryCompileExec1816853157.dir/src.cxx.o] Error 1
make: *** [cmTryCompileExec1816853157/fast] Error 2

Source file was:

    #include <stdlib.h>
    #include <syslog.h>
    extern "C" {
        int openlog(const char* ident, int logopt, int facility);
        int syslog(int priority, const char* message_fmt, ...);
        int closelog();
    }
    int main() { return 0; }

Determining if files pcap-int.h exist failed with the following output:
Change Dir: /home/default/bro2/bro/build/CMakeFiles/CMakeTmp

Run Build Command:/usr/bin/make "cmTryCompileExec2911642150/fast"
/usr/bin/make -f CMakeFiles/cmTryCompileExec2911642150.dir/build.make CMakeFiles/cmTryCompileExec2911642150.dir/build
make[1]: Entering directory `/home/default/bro2/bro/build/CMakeFiles/CMakeTmp'
/usr/bin/cmake -E cmake_progress_report /home/default/bro2/bro/build/CMakeFiles/CMakeTmp/CMakeFiles 1
Building C object CMakeFiles/cmTryCompileExec2911642150.dir/CheckIncludeFiles.c.o
/usr/local/bin/afl-clang-fast   -Wall -Wno-unused    -o CMakeFiles/cmTryCompileExec2911642150.dir/CheckIncludeFiles.c.o   -c /home/default/bro2/bro/build/CMakeFiles/CMakeTmp/CheckIncludeFiles.c
/home/default/bro2/bro/build/CMakeFiles/CMakeTmp/CheckIncludeFiles.c:2:10: fatal error: 'pcap-int.h' file not found
#include <pcap-int.h>
         ^
1 error generated.
make[1]: Leaving directory `/home/default/bro2/bro/build/CMakeFiles/CMakeTmp'
make[1]: *** [CMakeFiles/cmTryCompileExec2911642150.dir/CheckIncludeFiles.c.o] Error 1
make: *** [cmTryCompileExec2911642150/fast] Error 2

Source:
/* */
#include <pcap-int.h>


int main(){return 0;}

Determining if the function pcap_get_pfring_id exists failed with the following output:
Change Dir: /home/default/bro2/bro/build/CMakeFiles/CMakeTmp

Run Build Command:/usr/bin/make "cmTryCompileExec2016543315/fast"
make[2]: Entering directory `/home/default/bro2/bro/build/CMakeFiles/CMakeTmp'
/usr/bin/make -f CMakeFiles/cmTryCompileExec2016543315.dir/build.make CMakeFiles/cmTryCompileExec2016543315.dir/build
make[3]: Entering directory `/home/default/bro2/bro/build/CMakeFiles/CMakeTmp'
/usr/bin/cmake -E cmake_progress_report /home/default/bro2/bro/build/CMakeFiles/CMakeTmp/CMakeFiles 1
Building C object CMakeFiles/cmTryCompileExec2016543315.dir/CheckFunctionExists.c.o
/usr/local/bin/afl-clang-fast   -Wall -Wno-unused -DCHECK_FUNCTION_EXISTS=pcap_get_pfring_id   -o CMakeFiles/cmTryCompileExec2016543315.dir/CheckFunctionExists.c.o   -c /usr/share/cmake-2.8/Modules/CheckFunctionExists.c
Linking C executable cmTryCompileExec2016543315
/usr/bin/cmake -E cmake_link_script CMakeFiles/cmTryCompileExec2016543315.dir/link.txt --verbose=1
/usr/local/bin/afl-clang-fast   -Wall -Wno-unused -DCHECK_FUNCTION_EXISTS=pcap_get_pfring_id    CMakeFiles/cmTryCompileExec2016543315.dir/CheckFunctionExists.c.o  -o cmTryCompileExec2016543315 -rdynamic -lpcap 
CMakeFiles/cmTryCompileExec2016543315.dir/CheckFunctionExists.c.o: In function `main':
/usr/share/cmake-2.8/Modules/CheckFunctionExists.c:11: undefined reference to `pcap_get_pfring_id'
clang: error: linker command failed with exit code 1 (use -v to see invocation)
make[3]: Leaving directory `/home/default/bro2/bro/build/CMakeFiles/CMakeTmp'
make[3]: *** [cmTryCompileExec2016543315] Error 1
make[2]: Leaving directory `/home/default/bro2/bro/build/CMakeFiles/CMakeTmp'
make[2]: *** [cmTryCompileExec2016543315/fast] Error 2


Performing C SOURCE FILE Test ns_initparse_works_none failed with the following output:
Change Dir: /home/default/bro2/bro/build/CMakeFiles/CMakeTmp

Run Build Command:/usr/bin/make "cmTryCompileExec3812895563/fast"
make[2]: Entering directory `/home/default/bro2/bro/build/CMakeFiles/CMakeTmp'
/usr/bin/make -f CMakeFiles/cmTryCompileExec3812895563.dir/build.make CMakeFiles/cmTryCompileExec3812895563.dir/build
make[3]: Entering directory `/home/default/bro2/bro/build/CMakeFiles/CMakeTmp'
/usr/bin/cmake -E cmake_progress_report /home/default/bro2/bro/build/CMakeFiles/CMakeTmp/CMakeFiles 1
Building C object CMakeFiles/cmTryCompileExec3812895563.dir/src.c.o
/usr/local/bin/afl-clang-fast   -Wall -Wno-unused -Dns_initparse_works_none   -o CMakeFiles/cmTryCompileExec3812895563.dir/src.c.o   -c /home/default/bro2/bro/build/CMakeFiles/CMakeTmp/src.c
Linking C executable cmTryCompileExec3812895563
/usr/bin/cmake -E cmake_link_script CMakeFiles/cmTryCompileExec3812895563.dir/link.txt --verbose=1
/usr/local/bin/afl-clang-fast   -Wall -Wno-unused -Dns_initparse_works_none    CMakeFiles/cmTryCompileExec3812895563.dir/src.c.o  -o cmTryCompileExec3812895563 -rdynamic 
CMakeFiles/cmTryCompileExec3812895563.dir/src.c.o: In function `main':
/home/default/bro2/bro/build/CMakeFiles/CMakeTmp/src.c:4: undefined reference to `ns_initparse'
clang: error: linker command failed with exit code 1 (use -v to see invocation)
make[3]: Leaving directory `/home/default/bro2/bro/build/CMakeFiles/CMakeTmp'
make[3]: *** [cmTryCompileExec3812895563] Error 1
make[2]: Leaving directory `/home/default/bro2/bro/build/CMakeFiles/CMakeTmp'
make[2]: *** [cmTryCompileExec3812895563/fast] Error 2

Source file was:

        #include <arpa/nameser.h>
        int main() {
            ns_initparse(0, 0, 0);
            return 0;
        }

Determining if the system is big endian passed with the following output:
Change Dir: /home/default/bro2/bro/build/CMakeFiles/CMakeTmp

Run Build Command:/usr/bin/make "cmTryCompileExec1113481541/fast"
make[2]: Entering directory `/home/default/bro2/bro/build/CMakeFiles/CMakeTmp'
/usr/bin/make -f CMakeFiles/cmTryCompileExec1113481541.dir/build.make CMakeFiles/cmTryCompileExec1113481541.dir/build
make[3]: Entering directory `/home/default/bro2/bro/build/CMakeFiles/CMakeTmp'
/usr/bin/cmake -E cmake_progress_report /home/default/bro2/bro/build/CMakeFiles/CMakeTmp/CMakeFiles 1
Building C object CMakeFiles/cmTryCompileExec1113481541.dir/TestEndianess.c.o
/usr/local/bin/afl-clang-fast   -Wall -Wno-unused    -o CMakeFiles/cmTryCompileExec1113481541.dir/TestEndianess.c.o   -c /home/default/bro2/bro/build/CMakeFiles/CMakeTmp/TestEndianess.c
Linking C executable cmTryCompileExec1113481541
/usr/bin/cmake -E cmake_link_script CMakeFiles/cmTryCompileExec1113481541.dir/link.txt --verbose=1
/usr/local/bin/afl-clang-fast   -Wall -Wno-unused     CMakeFiles/cmTryCompileExec1113481541.dir/TestEndianess.c.o  -o cmTryCompileExec1113481541 -rdynamic 
make[3]: Leaving directory `/home/default/bro2/bro/build/CMakeFiles/CMakeTmp'
make[2]: Leaving directory `/home/default/bro2/bro/build/CMakeFiles/CMakeTmp'

TestEndianess.c:
/* A 16 bit integer is required. */
typedef unsigned short cmakeint16;

/* On a little endian machine, these 16bit ints will give "THIS IS LITTLE ENDIAN."
   On a big endian machine the characters will be exchanged pairwise. */
const cmakeint16 info_little[] =  {0x4854, 0x5349, 0x4920, 0x2053, 0x494c, 0x5454, 0x454c, 0x4520, 0x444e, 0x4149, 0x2e4e, 0x0000};

/* on a big endian machine, these 16bit ints will give "THIS IS BIG ENDIAN."
   On a little endian machine the characters will be exchanged pairwise. */
const cmakeint16 info_big[] =     {0x5448, 0x4953, 0x2049, 0x5320, 0x4249, 0x4720, 0x454e, 0x4449, 0x414e, 0x2e2e, 0x0000};

#ifdef __CLASSIC_C__
int main(argc, argv) int argc; char *argv[];
#else
int main(int argc, char *argv[])
#endif
{
  int require = 0;
  require += info_little[argc];
  require += info_big[argc];
  (void)argv;
  return require;
}


Determining if the system is big endian passed with the following output:
Change Dir: /home/default/bro2/bro/build/CMakeFiles/CMakeTmp

Run Build Command:/usr/bin/make "cmTryCompileExec1239184028/fast"
make[2]: Entering directory `/home/default/bro2/bro/build/CMakeFiles/CMakeTmp'
/usr/bin/make -f CMakeFiles/cmTryCompileExec1239184028.dir/build.make CMakeFiles/cmTryCompileExec1239184028.dir/build
make[3]: Entering directory `/home/default/bro2/bro/build/CMakeFiles/CMakeTmp'
/usr/bin/cmake -E cmake_progress_report /home/default/bro2/bro/build/CMakeFiles/CMakeTmp/CMakeFiles 1
Building C object CMakeFiles/cmTryCompileExec1239184028.dir/TestEndianess.c.o
/usr/local/bin/afl-clang-fast   -Wall -Wno-unused    -o CMakeFiles/cmTryCompileExec1239184028.dir/TestEndianess.c.o   -c /home/default/bro2/bro/build/CMakeFiles/CMakeTmp/TestEndianess.c
Linking C executable cmTryCompileExec1239184028
/usr/bin/cmake -E cmake_link_script CMakeFiles/cmTryCompileExec1239184028.dir/link.txt --verbose=1
/usr/local/bin/afl-clang-fast   -Wall -Wno-unused     CMakeFiles/cmTryCompileExec1239184028.dir/TestEndianess.c.o  -o cmTryCompileExec1239184028 -rdynamic 
make[3]: Leaving directory `/home/default/bro2/bro/build/CMakeFiles/CMakeTmp'
make[2]: Leaving directory `/home/default/bro2/bro/build/CMakeFiles/CMakeTmp'

TestEndianess.c:
/* A 16 bit integer is required. */
typedef unsigned short cmakeint16;

/* On a little endian machine, these 16bit ints will give "THIS IS LITTLE ENDIAN."
   On a big endian machine the characters will be exchanged pairwise. */
const cmakeint16 info_little[] =  {0x4854, 0x5349, 0x4920, 0x2053, 0x494c, 0x5454, 0x454c, 0x4520, 0x444e, 0x4149, 0x2e4e, 0x0000};

/* on a big endian machine, these 16bit ints will give "THIS IS BIG ENDIAN."
   On a little endian machine the characters will be exchanged pairwise. */
const cmakeint16 info_big[] =     {0x5448, 0x4953, 0x2049, 0x5320, 0x4249, 0x4720, 0x454e, 0x4449, 0x414e, 0x2e2e, 0x0000};

#ifdef __CLASSIC_C__
int main(argc, argv) int argc; char *argv[];
#else
int main(int argc, char *argv[])
#endif
{
  int require = 0;
  require += info_little[argc];
  require += info_big[argc];
  (void)argv;
  return require;
}


Determining if the htonll exist failed with the following output:
Change Dir: /home/default/bro2/bro/build/CMakeFiles/CMakeTmp

Run Build Command:/usr/bin/make "cmTryCompileExec3247566454/fast"
make[2]: Entering directory `/home/default/bro2/bro/build/CMakeFiles/CMakeTmp'
/usr/bin/make -f CMakeFiles/cmTryCompileExec3247566454.dir/build.make CMakeFiles/cmTryCompileExec3247566454.dir/build
make[3]: Entering directory `/home/default/bro2/bro/build/CMakeFiles/CMakeTmp'
/usr/bin/cmake -E cmake_progress_report /home/default/bro2/bro/build/CMakeFiles/CMakeTmp/CMakeFiles 1
Building C object CMakeFiles/cmTryCompileExec3247566454.dir/CheckSymbolExists.c.o
/usr/local/bin/afl-clang-fast   -Wall -Wno-unused    -o CMakeFiles/cmTryCompileExec3247566454.dir/CheckSymbolExists.c.o   -c /home/default/bro2/bro/build/CMakeFiles/CMakeTmp/CheckSymbolExists.c
/home/default/bro2/bro/build/CMakeFiles/CMakeTmp/CheckSymbolExists.c:8:19: error: use of undeclared identifier 'htonll'; did you mean 'htonl'?
  return ((int*)(&htonll))[argc];
                  ^~~~~~
                  htonl
/usr/include/netinet/in.h:377:17: note: 'htonl' declared here
extern uint32_t htonl (uint32_t __hostlong)
                ^
1 error generated.
make[3]: Leaving directory `/home/default/bro2/bro/build/CMakeFiles/CMakeTmp'
make[3]: *** [CMakeFiles/cmTryCompileExec3247566454.dir/CheckSymbolExists.c.o] Error 1
make[2]: Leaving directory `/home/default/bro2/bro/build/CMakeFiles/CMakeTmp'
make[2]: *** [cmTryCompileExec3247566454/fast] Error 2

File /home/default/bro2/bro/build/CMakeFiles/CMakeTmp/CheckSymbolExists.c:
/* */
#include <arpa/inet.h>

int main(int argc, char** argv)
{
  (void)argv;
#ifndef htonll
  return ((int*)(&htonll))[argc];
#else
  (void)argc;
  return 0;
#endif
}

Determining if files sys/ethernet.h exist failed with the following output:
Change Dir: /home/default/bro2/bro/build/CMakeFiles/CMakeTmp

Run Build Command:/usr/bin/make "cmTryCompileExec565780/fast"
make[2]: Entering directory `/home/default/bro2/bro/build/CMakeFiles/CMakeTmp'
/usr/bin/make -f CMakeFiles/cmTryCompileExec565780.dir/build.make CMakeFiles/cmTryCompileExec565780.dir/build
make[3]: Entering directory `/home/default/bro2/bro/build/CMakeFiles/CMakeTmp'
/usr/bin/cmake -E cmake_progress_report /home/default/bro2/bro/build/CMakeFiles/CMakeTmp/CMakeFiles 1
Building C object CMakeFiles/cmTryCompileExec565780.dir/CheckIncludeFiles.c.o
/usr/local/bin/afl-clang-fast   -Wall -Wno-unused    -o CMakeFiles/cmTryCompileExec565780.dir/CheckIncludeFiles.c.o   -c /home/default/bro2/bro/build/CMakeFiles/CMakeTmp/CheckIncludeFiles.c
/home/default/bro2/bro/build/CMakeFiles/CMakeTmp/CheckIncludeFiles.c:2:10: fatal error: 'sys/ethernet.h' file not found
#include <sys/ethernet.h>
         ^
1 error generated.
make[3]: Leaving directory `/home/default/bro2/bro/build/CMakeFiles/CMakeTmp'
make[3]: *** [CMakeFiles/cmTryCompileExec565780.dir/CheckIncludeFiles.c.o] Error 1
make[2]: Leaving directory `/home/default/bro2/bro/build/CMakeFiles/CMakeTmp'
make[2]: *** [cmTryCompileExec565780/fast] Error 2

Source:
/* */
#include <sys/ethernet.h>


int main(){return 0;}

Determining if files net/ethertypes.h exist failed with the following output:
Change Dir: /home/default/bro2/bro/build/CMakeFiles/CMakeTmp

Run Build Command:/usr/bin/make "cmTryCompileExec878176098/fast"
make[2]: Entering directory `/home/default/bro2/bro/build/CMakeFiles/CMakeTmp'
/usr/bin/make -f CMakeFiles/cmTryCompileExec878176098.dir/build.make CMakeFiles/cmTryCompileExec878176098.dir/build
make[3]: Entering directory `/home/default/bro2/bro/build/CMakeFiles/CMakeTmp'
/usr/bin/cmake -E cmake_progress_report /home/default/bro2/bro/build/CMakeFiles/CMakeTmp/CMakeFiles 1
Building C object CMakeFiles/cmTryCompileExec878176098.dir/CheckIncludeFiles.c.o
/usr/local/bin/afl-clang-fast   -Wall -Wno-unused    -o CMakeFiles/cmTryCompileExec878176098.dir/CheckIncludeFiles.c.o   -c /home/default/bro2/bro/build/CMakeFiles/CMakeTmp/CheckIncludeFiles.c
/home/default/bro2/bro/build/CMakeFiles/CMakeTmp/CheckIncludeFiles.c:2:10: fatal error: 'net/ethertypes.h' file not found
#include <net/ethertypes.h>
         ^
1 error generated.
make[3]: Leaving directory `/home/default/bro2/bro/build/CMakeFiles/CMakeTmp'
make[3]: *** [CMakeFiles/cmTryCompileExec878176098.dir/CheckIncludeFiles.c.o] Error 1
make[2]: Leaving directory `/home/default/bro2/bro/build/CMakeFiles/CMakeTmp'
make[2]: *** [cmTryCompileExec878176098/fast] Error 2

Source:
/* */
#include <net/ethertypes.h>


int main(){return 0;}

Determining if files os-proto.h exist failed with the following output:
Change Dir: /home/default/bro2/bro/build/CMakeFiles/CMakeTmp

Run Build Command:/usr/bin/make "cmTryCompileExec2049994344/fast"
make[2]: Entering directory `/home/default/bro2/bro/build/CMakeFiles/CMakeTmp'
/usr/bin/make -f CMakeFiles/cmTryCompileExec2049994344.dir/build.make CMakeFiles/cmTryCompileExec2049994344.dir/build
make[3]: Entering directory `/home/default/bro2/bro/build/CMakeFiles/CMakeTmp'
/usr/bin/cmake -E cmake_progress_report /home/default/bro2/bro/build/CMakeFiles/CMakeTmp/CMakeFiles 1
Building C object CMakeFiles/cmTryCompileExec2049994344.dir/CheckIncludeFiles.c.o
/usr/local/bin/afl-clang-fast   -Wall -Wno-unused    -o CMakeFiles/cmTryCompileExec2049994344.dir/CheckIncludeFiles.c.o   -c /home/default/bro2/bro/build/CMakeFiles/CMakeTmp/CheckIncludeFiles.c
/home/default/bro2/bro/build/CMakeFiles/CMakeTmp/CheckIncludeFiles.c:2:10: fatal error: 'os-proto.h' file not found
#include <os-proto.h>
         ^
1 error generated.
make[3]: Leaving directory `/home/default/bro2/bro/build/CMakeFiles/CMakeTmp'
make[3]: *** [CMakeFiles/cmTryCompileExec2049994344.dir/CheckIncludeFiles.c.o] Error 1
make[2]: Leaving directory `/home/default/bro2/bro/build/CMakeFiles/CMakeTmp'
make[2]: *** [cmTryCompileExec2049994344/fast] Error 2

Source:
/* */
#include <os-proto.h>


int main(){return 0;}

Performing C SOURCE FILE Test HAVE_READLINE_HISTORY_ENTRIES failed with the following output:
Change Dir: /home/default/bro2/bro/build/CMakeFiles/CMakeTmp

Run Build Command:/usr/bin/make "cmTryCompileExec4235607220/fast"
make[2]: Entering directory `/home/default/bro2/bro/build/CMakeFiles/CMakeTmp'
/usr/bin/make -f CMakeFiles/cmTryCompileExec4235607220.dir/build.make CMakeFiles/cmTryCompileExec4235607220.dir/build
make[3]: Entering directory `/home/default/bro2/bro/build/CMakeFiles/CMakeTmp'
/usr/bin/cmake -E cmake_progress_report /home/default/bro2/bro/build/CMakeFiles/CMakeTmp/CMakeFiles 1
Building C object CMakeFiles/cmTryCompileExec4235607220.dir/src.c.o
/usr/local/bin/afl-clang-fast   -Wall -Wno-unused -DHAVE_READLINE_HISTORY_ENTRIES   -o CMakeFiles/cmTryCompileExec4235607220.dir/src.c.o   -c /home/default/bro2/bro/build/CMakeFiles/CMakeTmp/src.c
/home/default/bro2/bro/build/CMakeFiles/CMakeTmp/src.c:3:10: fatal error: 'readline/readline.h' file not found
#include <readline/readline.h>
         ^
1 error generated.
make[3]: Leaving directory `/home/default/bro2/bro/build/CMakeFiles/CMakeTmp'
make[3]: *** [CMakeFiles/cmTryCompileExec4235607220.dir/src.c.o] Error 1
make[2]: Leaving directory `/home/default/bro2/bro/build/CMakeFiles/CMakeTmp'
make[2]: *** [cmTryCompileExec4235607220/fast] Error 2

Source file was:

#include <stdio.h>
#include <readline/readline.h>

int main()
{
   HISTORY_STATE* tmp;
   tmp->entries;
  return 0;
}

Determining if files stdio.h;readline/readline.h exist failed with the following output:
Change Dir: /home/default/bro2/bro/build/CMakeFiles/CMakeTmp

Run Build Command:/usr/bin/make "cmTryCompileExec1220756228/fast"
make[2]: Entering directory `/home/default/bro2/bro/build/CMakeFiles/CMakeTmp'
/usr/bin/make -f CMakeFiles/cmTryCompileExec1220756228.dir/build.make CMakeFiles/cmTryCompileExec1220756228.dir/build
make[3]: Entering directory `/home/default/bro2/bro/build/CMakeFiles/CMakeTmp'
/usr/bin/cmake -E cmake_progress_report /home/default/bro2/bro/build/CMakeFiles/CMakeTmp/CMakeFiles 1
Building C object CMakeFiles/cmTryCompileExec1220756228.dir/CheckIncludeFiles.c.o
/usr/local/bin/afl-clang-fast   -Wall -Wno-unused    -o CMakeFiles/cmTryCompileExec1220756228.dir/CheckIncludeFiles.c.o   -c /home/default/bro2/bro/build/CMakeFiles/CMakeTmp/CheckIncludeFiles.c
/home/default/bro2/bro/build/CMakeFiles/CMakeTmp/CheckIncludeFiles.c:3:10: fatal error: 'readline/readline.h' file not found
#include <readline/readline.h>
         ^
1 error generated.
make[3]: Leaving directory `/home/default/bro2/bro/build/CMakeFiles/CMakeTmp'
make[3]: *** [CMakeFiles/cmTryCompileExec1220756228.dir/CheckIncludeFiles.c.o] Error 1
make[2]: Leaving directory `/home/default/bro2/bro/build/CMakeFiles/CMakeTmp'
make[2]: *** [cmTryCompileExec1220756228/fast] Error 2

Source:
/* */
#include <stdio.h>
#include <readline/readline.h>


int main(){return 0;}

Determining if files stdio.h;readline/history.h exist failed with the following output:
Change Dir: /home/default/bro2/bro/build/CMakeFiles/CMakeTmp

Run Build Command:/usr/bin/make "cmTryCompileExec3077027288/fast"
make[2]: Entering directory `/home/default/bro2/bro/build/CMakeFiles/CMakeTmp'
/usr/bin/make -f CMakeFiles/cmTryCompileExec3077027288.dir/build.make CMakeFiles/cmTryCompileExec3077027288.dir/build
make[3]: Entering directory `/home/default/bro2/bro/build/CMakeFiles/CMakeTmp'
/usr/bin/cmake -E cmake_progress_report /home/default/bro2/bro/build/CMakeFiles/CMakeTmp/CMakeFiles 1
Building C object CMakeFiles/cmTryCompileExec3077027288.dir/CheckIncludeFiles.c.o
/usr/local/bin/afl-clang-fast   -Wall -Wno-unused    -o CMakeFiles/cmTryCompileExec3077027288.dir/CheckIncludeFiles.c.o   -c /home/default/bro2/bro/build/CMakeFiles/CMakeTmp/CheckIncludeFiles.c
/home/default/bro2/bro/build/CMakeFiles/CMakeTmp/CheckIncludeFiles.c:3:10: fatal error: 'readline/history.h' file not found
#include <readline/history.h>
         ^
1 error generated.
make[3]: Leaving directory `/home/default/bro2/bro/build/CMakeFiles/CMakeTmp'
make[3]: *** [CMakeFiles/cmTryCompileExec3077027288.dir/CheckIncludeFiles.c.o] Error 1
make[2]: Leaving directory `/home/default/bro2/bro/build/CMakeFiles/CMakeTmp'
make[2]: *** [cmTryCompileExec3077027288/fast] Error 2

Source:
/* */
#include <stdio.h>
#include <readline/history.h>


int main(){return 0;}

Performing C SOURCE FILE Test SIN_LEN failed with the following output:
Change Dir: /home/default/bro2/bro/build/CMakeFiles/CMakeTmp

Run Build Command:/usr/bin/make "cmTryCompileExec3515770075/fast"
make[2]: Entering directory `/home/default/bro2/bro/build/CMakeFiles/CMakeTmp'
/usr/bin/make -f CMakeFiles/cmTryCompileExec3515770075.dir/build.make CMakeFiles/cmTryCompileExec3515770075.dir/build
make[3]: Entering directory `/home/default/bro2/bro/build/CMakeFiles/CMakeTmp'
/usr/bin/cmake -E cmake_progress_report /home/default/bro2/bro/build/CMakeFiles/CMakeTmp/CMakeFiles 1
Building C object CMakeFiles/cmTryCompileExec3515770075.dir/src.c.o
/usr/local/bin/afl-clang-fast   -Wall -Wno-unused -DSIN_LEN   -o CMakeFiles/cmTryCompileExec3515770075.dir/src.c.o   -c /home/default/bro2/bro/build/CMakeFiles/CMakeTmp/src.c
/home/default/bro2/bro/build/CMakeFiles/CMakeTmp/src.c:7:9: error: no member named 'sin_len' in 'struct sockaddr_in'
   tmp->sin_len;
   ~~~  ^
1 error generated.
make[3]: Leaving directory `/home/default/bro2/bro/build/CMakeFiles/CMakeTmp'
make[3]: *** [CMakeFiles/cmTryCompileExec3515770075.dir/src.c.o] Error 1
make[2]: Leaving directory `/home/default/bro2/bro/build/CMakeFiles/CMakeTmp'
make[2]: *** [cmTryCompileExec3515770075/fast] Error 2

Source file was:

#include <netinet/in.h>

int main()
{
   struct sockaddr_in* tmp;
   tmp->sin_len;
  return 0;
}

Determining if the IPPROTO_IPV4 exist failed with the following output:
Change Dir: /home/default/bro2/bro/build/CMakeFiles/CMakeTmp

Run Build Command:/usr/bin/make "cmTryCompileExec1349318806/fast"
make[2]: Entering directory `/home/default/bro2/bro/build/CMakeFiles/CMakeTmp'
/usr/bin/make -f CMakeFiles/cmTryCompileExec1349318806.dir/build.make CMakeFiles/cmTryCompileExec1349318806.dir/build
make[3]: Entering directory `/home/default/bro2/bro/build/CMakeFiles/CMakeTmp'
/usr/bin/cmake -E cmake_progress_report /home/default/bro2/bro/build/CMakeFiles/CMakeTmp/CMakeFiles 1
Building C object CMakeFiles/cmTryCompileExec1349318806.dir/CheckSymbolExists.c.o
/usr/local/bin/afl-clang-fast   -Wall -Wno-unused    -o CMakeFiles/cmTryCompileExec1349318806.dir/CheckSymbolExists.c.o   -c /home/default/bro2/bro/build/CMakeFiles/CMakeTmp/CheckSymbolExists.c
/home/default/bro2/bro/build/CMakeFiles/CMakeTmp/CheckSymbolExists.c:8:19: error: use of undeclared identifier 'IPPROTO_IPV4'; did you mean 'IPPROTO_IPV6'?
  return ((int*)(&IPPROTO_IPV4))[argc];
                  ^~~~~~~~~~~~
                  IPPROTO_IPV6
/usr/include/netinet/in.h:64:5: note: 'IPPROTO_IPV6' declared here
    IPPROTO_IPV6 = 41,     /* IPv6 header.  */
    ^
/home/default/bro2/bro/build/CMakeFiles/CMakeTmp/CheckSymbolExists.c:8:18: error: cannot take the address of an rvalue of type 'int'
  return ((int*)(&IPPROTO_IPV4))[argc];
                 ^~~~~~~~~~~~~
2 errors generated.
make[3]: Leaving directory `/home/default/bro2/bro/build/CMakeFiles/CMakeTmp'
make[3]: *** [CMakeFiles/cmTryCompileExec1349318806.dir/CheckSymbolExists.c.o] Error 1
make[2]: Leaving directory `/home/default/bro2/bro/build/CMakeFiles/CMakeTmp'
make[2]: *** [cmTryCompileExec1349318806/fast] Error 2

File /home/default/bro2/bro/build/CMakeFiles/CMakeTmp/CheckSymbolExists.c:
/* */
#include <netinet/in.h>

int main(int argc, char** argv)
{
  (void)argv;
#ifndef IPPROTO_IPV4
  return ((int*)(&IPPROTO_IPV4))[argc];
#else
  (void)argc;
  return 0;
#endif
}

Performing C SOURCE FILE Test DO_SOCK_DECL failed with the following output:
Change Dir: /home/default/bro2/bro/build/CMakeFiles/CMakeTmp

Run Build Command:/usr/bin/make "cmTryCompileExec1972233615/fast"
make[2]: Entering directory `/home/default/bro2/bro/build/CMakeFiles/CMakeTmp'
/usr/bin/make -f CMakeFiles/cmTryCompileExec1972233615.dir/build.make CMakeFiles/cmTryCompileExec1972233615.dir/build
make[3]: Entering directory `/home/default/bro2/bro/build/CMakeFiles/CMakeTmp'
/usr/bin/cmake -E cmake_progress_report /home/default/bro2/bro/build/CMakeFiles/CMakeTmp/CMakeFiles 1
Building C object CMakeFiles/cmTryCompileExec1972233615.dir/src.c.o
/usr/local/bin/afl-clang-fast   -Wall -Wno-unused -DDO_SOCK_DECL   -o CMakeFiles/cmTryCompileExec1972233615.dir/src.c.o   -c /home/default/bro2/bro/build/CMakeFiles/CMakeTmp/src.c
/home/default/bro2/bro/build/CMakeFiles/CMakeTmp/src.c:5:16: error: conflicting types for 'connect'
    extern int connect(int, const struct sockaddr *, int);
               ^
/usr/include/x86_64-linux-gnu/sys/socket.h:137:12: note: previous declaration is here
extern int connect (int __fd, __CONST_SOCKADDR_ARG __addr, socklen_t __len);
           ^
/home/default/bro2/bro/build/CMakeFiles/CMakeTmp/src.c:6:16: error: conflicting types for 'send'
    extern int send(int, const void *, int, int);
               ^
/usr/include/x86_64-linux-gnu/sys/socket.h:149:16: note: previous declaration is here
extern ssize_t send (int __fd, const void *__buf, size_t __n, int __flags);
               ^
/home/default/bro2/bro/build/CMakeFiles/CMakeTmp/src.c:7:16: error: conflicting types for 'recvfrom'
    extern int recvfrom(int, void *, int, int, struct sockaddr *, int *);
               ^
/usr/include/x86_64-linux-gnu/sys/socket.h:174:16: note: previous declaration is here
extern ssize_t recvfrom (int __fd, void *__restrict __buf, size_t __n,
               ^
3 errors generated.
make[3]: Leaving directory `/home/default/bro2/bro/build/CMakeFiles/CMakeTmp'
make[3]: *** [CMakeFiles/cmTryCompileExec1972233615.dir/src.c.o] Error 1
make[2]: Leaving directory `/home/default/bro2/bro/build/CMakeFiles/CMakeTmp'
make[2]: *** [cmTryCompileExec1972233615/fast] Error 2

Source file was:

    #include <sys/types.h>
    #include <sys/socket.h>
    extern int socket(int, int, int);
    extern int connect(int, const struct sockaddr *, int);
    extern int send(int, const void *, int, int);
    extern int recvfrom(int, void *, int, int, struct sockaddr *, int *);
    int main() { return 0; }

Performing C++ SOURCE FILE Test SYSLOG_INT failed with the following output:
Change Dir: /home/default/bro2/bro/build/CMakeFiles/CMakeTmp

Run Build Command:/usr/bin/make "cmTryCompileExec3359815246/fast"
make[2]: Entering directory `/home/default/bro2/bro/build/CMakeFiles/CMakeTmp'
/usr/bin/make -f CMakeFiles/cmTryCompileExec3359815246.dir/build.make CMakeFiles/cmTryCompileExec3359815246.dir/build
make[3]: Entering directory `/home/default/bro2/bro/build/CMakeFiles/CMakeTmp'
/usr/bin/cmake -E cmake_progress_report /home/default/bro2/bro/build/CMakeFiles/CMakeTmp/CMakeFiles 1
Building CXX object CMakeFiles/cmTryCompileExec3359815246.dir/src.cxx.o
/usr/local/bin/afl-clang-fast++    -Wall -Wno-unused -DSYSLOG_INT   -o CMakeFiles/cmTryCompileExec3359815246.dir/src.cxx.o -c /home/default/bro2/bro/build/CMakeFiles/CMakeTmp/src.cxx
/home/default/bro2/bro/build/CMakeFiles/CMakeTmp/src.cxx:5:13: error: functions that differ only in their return type cannot be overloaded
        int openlog(const char* ident, int logopt, int facility);
            ^
/usr/include/x86_64-linux-gnu/sys/syslog.h:181:13: note: previous declaration is here
extern void openlog (const char *__ident, int __option, int __facility);
            ^
/home/default/bro2/bro/build/CMakeFiles/CMakeTmp/src.cxx:6:13: error: functions that differ only in their return type cannot be overloaded
        int syslog(int priority, const char* message_fmt, ...);
            ^
/usr/include/x86_64-linux-gnu/sys/syslog.h:190:13: note: previous declaration is here
extern void syslog (int __pri, const char *__fmt, ...)
            ^
/home/default/bro2/bro/build/CMakeFiles/CMakeTmp/src.cxx:7:13: error: functions that differ only in their return type cannot be overloaded
        int closelog();
            ^
/usr/include/x86_64-linux-gnu/sys/syslog.h:175:13: note: previous declaration is here
extern void closelog (void);
            ^
3 errors generated.
make[3]: Leaving directory `/home/default/bro2/bro/build/CMakeFiles/CMakeTmp'
make[3]: *** [CMakeFiles/cmTryCompileExec3359815246.dir/src.cxx.o] Error 1
make[2]: Leaving directory `/home/default/bro2/bro/build/CMakeFiles/CMakeTmp'
make[2]: *** [cmTryCompileExec3359815246/fast] Error 2

Source file was:

    #include <stdlib.h>
    #include <syslog.h>
    extern "C" {
        int openlog(const char* ident, int logopt, int facility);
        int syslog(int priority, const char* message_fmt, ...);
        int closelog();
    }
    int main() { return 0; }

Determining if files pcap-int.h exist failed with the following output:
Change Dir: /home/default/bro2/bro/build/CMakeFiles/CMakeTmp

Run Build Command:/usr/bin/make "cmTryCompileExec3020807755/fast"
make[2]: Entering directory `/home/default/bro2/bro/build/CMakeFiles/CMakeTmp'
/usr/bin/make -f CMakeFiles/cmTryCompileExec3020807755.dir/build.make CMakeFiles/cmTryCompileExec3020807755.dir/build
make[3]: Entering directory `/home/default/bro2/bro/build/CMakeFiles/CMakeTmp'
/usr/bin/cmake -E cmake_progress_report /home/default/bro2/bro/build/CMakeFiles/CMakeTmp/CMakeFiles 1
Building C object CMakeFiles/cmTryCompileExec3020807755.dir/CheckIncludeFiles.c.o
/usr/local/bin/afl-clang-fast   -Wall -Wno-unused    -o CMakeFiles/cmTryCompileExec3020807755.dir/CheckIncludeFiles.c.o   -c /home/default/bro2/bro/build/CMakeFiles/CMakeTmp/CheckIncludeFiles.c
/home/default/bro2/bro/build/CMakeFiles/CMakeTmp/CheckIncludeFiles.c:2:10: fatal error: 'pcap-int.h' file not found
#include <pcap-int.h>
         ^
1 error generated.
make[3]: Leaving directory `/home/default/bro2/bro/build/CMakeFiles/CMakeTmp'
make[3]: *** [CMakeFiles/cmTryCompileExec3020807755.dir/CheckIncludeFiles.c.o] Error 1
make[2]: Leaving directory `/home/default/bro2/bro/build/CMakeFiles/CMakeTmp'
make[2]: *** [cmTryCompileExec3020807755/fast] Error 2

Source:
/* */
#include <pcap-int.h>


int main(){return 0;}

Performing C SOURCE FILE Test LIBPCAP_PCAP_COMPILE_NOPCAP_HAS_ERROR_PARAMETER failed with the following output:
Change Dir: /home/default/bro2/bro/build/CMakeFiles/CMakeTmp

Run Build Command:/usr/bin/make "cmTryCompileExec3482704505/fast"
make[2]: Entering directory `/home/default/bro2/bro/build/CMakeFiles/CMakeTmp'
/usr/bin/make -f CMakeFiles/cmTryCompileExec3482704505.dir/build.make CMakeFiles/cmTryCompileExec3482704505.dir/build
make[3]: Entering directory `/home/default/bro2/bro/build/CMakeFiles/CMakeTmp'
/usr/bin/cmake -E cmake_progress_report /home/default/bro2/bro/build/CMakeFiles/CMakeTmp/CMakeFiles 1
Building C object CMakeFiles/cmTryCompileExec3482704505.dir/src.c.o
/usr/local/bin/afl-clang-fast   -Wall -Wno-unused -DLIBPCAP_PCAP_COMPILE_NOPCAP_HAS_ERROR_PARAMETER   -o CMakeFiles/cmTryCompileExec3482704505.dir/src.c.o   -c /home/default/bro2/bro/build/CMakeFiles/CMakeTmp/src.c
/home/default/bro2/bro/build/CMakeFiles/CMakeTmp/src.c:17:57: error: too many arguments to function call, expected 6, have 7
        snaplen, linktype, &fp, str, optimize, netmask, &error);
                                                        ^~~~~~
/usr/include/pcap/pcap.h:391:1: note: 'pcap_compile_nopcap' declared here
int     pcap_compile_nopcap(int, int, struct bpf_program *,
^
1 error generated.
make[3]: Leaving directory `/home/default/bro2/bro/build/CMakeFiles/CMakeTmp'
make[3]: *** [CMakeFiles/cmTryCompileExec3482704505.dir/src.c.o] Error 1
make[2]: Leaving directory `/home/default/bro2/bro/build/CMakeFiles/CMakeTmp'
make[2]: *** [cmTryCompileExec3482704505/fast] Error 2

Source file was:

#include <pcap.h>
int main () {
    int snaplen;
    int linktype;
    struct bpf_program fp;
    int optimize;
    bpf_u_int32 netmask;
    char str[10];
    char error[1024];
    snaplen = 50;
    linktype = DLT_EN10MB;
    optimize = 1;
    netmask = 0L;
    str[0] = 'i'; str[1] = 'p'; str[2] = '\0';
    (void)pcap_compile_nopcap(
        snaplen, linktype, &fp, str, optimize, netmask, &error);
    return 0;
}

Determining if the pthread_create exist failed with the following output:
Change Dir: /home/default/bro2/bro/build/CMakeFiles/CMakeTmp

Run Build Command:/usr/bin/make "cmTryCompileExec3782259689/fast"
make[2]: Entering directory `/home/default/bro2/bro/build/CMakeFiles/CMakeTmp'
/usr/bin/make -f CMakeFiles/cmTryCompileExec3782259689.dir/build.make CMakeFiles/cmTryCompileExec3782259689.dir/build
make[3]: Entering directory `/home/default/bro2/bro/build/CMakeFiles/CMakeTmp'
/usr/bin/cmake -E cmake_progress_report /home/default/bro2/bro/build/CMakeFiles/CMakeTmp/CMakeFiles 1
Building C object CMakeFiles/cmTryCompileExec3782259689.dir/CheckSymbolExists.c.o
/usr/local/bin/afl-clang-fast   -Wall -Wno-unused    -o CMakeFiles/cmTryCompileExec3782259689.dir/CheckSymbolExists.c.o   -c /home/default/bro2/bro/build/CMakeFiles/CMakeTmp/CheckSymbolExists.c
Linking C executable cmTryCompileExec3782259689
/usr/bin/cmake -E cmake_link_script CMakeFiles/cmTryCompileExec3782259689.dir/link.txt --verbose=1
/usr/local/bin/afl-clang-fast   -Wall -Wno-unused     CMakeFiles/cmTryCompileExec3782259689.dir/CheckSymbolExists.c.o  -o cmTryCompileExec3782259689 -rdynamic 
CMakeFiles/cmTryCompileExec3782259689.dir/CheckSymbolExists.c.o: In function `main':
/home/default/bro2/bro/build/CMakeFiles/CMakeTmp/CheckSymbolExists.c:8: undefined reference to `pthread_create'
clang: error: linker command failed with exit code 1 (use -v to see invocation)
make[3]: Leaving directory `/home/default/bro2/bro/build/CMakeFiles/CMakeTmp'
make[3]: *** [cmTryCompileExec3782259689] Error 1
make[2]: Leaving directory `/home/default/bro2/bro/build/CMakeFiles/CMakeTmp'
make[2]: *** [cmTryCompileExec3782259689/fast] Error 2

File /home/default/bro2/bro/build/CMakeFiles/CMakeTmp/CheckSymbolExists.c:
/* */
#include <pthread.h>

int main(int argc, char** argv)
{
  (void)argv;
#ifndef pthread_create
  return ((int*)(&pthread_create))[argc];
#else
  (void)argc;
  return 0;
#endif
}

Determining if the function pthread_create exists in the pthreads failed with the following output:
Change Dir: /home/default/bro2/bro/build/CMakeFiles/CMakeTmp

Run Build Command:/usr/bin/make "cmTryCompileExec3019422316/fast"
make[2]: Entering directory `/home/default/bro2/bro/build/CMakeFiles/CMakeTmp'
/usr/bin/make -f CMakeFiles/cmTryCompileExec3019422316.dir/build.make CMakeFiles/cmTryCompileExec3019422316.dir/build
make[3]: Entering directory `/home/default/bro2/bro/build/CMakeFiles/CMakeTmp'
/usr/bin/cmake -E cmake_progress_report /home/default/bro2/bro/build/CMakeFiles/CMakeTmp/CMakeFiles 1
Building C object CMakeFiles/cmTryCompileExec3019422316.dir/CheckFunctionExists.c.o
/usr/local/bin/afl-clang-fast   -Wall -Wno-unused -DCHECK_FUNCTION_EXISTS=pthread_create   -o CMakeFiles/cmTryCompileExec3019422316.dir/CheckFunctionExists.c.o   -c /usr/share/cmake-2.8/Modules/CheckFunctionExists.c
Linking C executable cmTryCompileExec3019422316
/usr/bin/cmake -E cmake_link_script CMakeFiles/cmTryCompileExec3019422316.dir/link.txt --verbose=1
/usr/local/bin/afl-clang-fast   -Wall -Wno-unused -DCHECK_FUNCTION_EXISTS=pthread_create    CMakeFiles/cmTryCompileExec3019422316.dir/CheckFunctionExists.c.o  -o cmTryCompileExec3019422316 -rdynamic -lpthreads 
/usr/bin/ld: cannot find -lpthreads
clang: error: linker command failed with exit code 1 (use -v to see invocation)
make[3]: Leaving directory `/home/default/bro2/bro/build/CMakeFiles/CMakeTmp'
make[3]: *** [cmTryCompileExec3019422316] Error 1
make[2]: Leaving directory `/home/default/bro2/bro/build/CMakeFiles/CMakeTmp'
make[2]: *** [cmTryCompileExec3019422316/fast] Error 2


Determining if the function pcap_get_pfring_id exists failed with the following output:
Change Dir: /home/default/bro2/bro/build/CMakeFiles/CMakeTmp

Run Build Command:/usr/bin/make "cmTryCompileExec2866262046/fast"
/usr/bin/make -f CMakeFiles/cmTryCompileExec2866262046.dir/build.make CMakeFiles/cmTryCompileExec2866262046.dir/build
make[1]: Entering directory `/home/default/bro2/bro/build/CMakeFiles/CMakeTmp'
/usr/bin/cmake -E cmake_progress_report /home/default/bro2/bro/build/CMakeFiles/CMakeTmp/CMakeFiles 1
Building C object CMakeFiles/cmTryCompileExec2866262046.dir/CheckFunctionExists.c.o
/usr/local/bin/afl-clang-fast   -lpthread  -Wall -Wno-unused -DCHECK_FUNCTION_EXISTS=pcap_get_pfring_id   -o CMakeFiles/cmTryCompileExec2866262046.dir/CheckFunctionExists.c.o   -c /usr/share/cmake-2.8/Modules/CheckFunctionExists.c
Linking C executable cmTryCompileExec2866262046
/usr/bin/cmake -E cmake_link_script CMakeFiles/cmTryCompileExec2866262046.dir/link.txt --verbose=1
/usr/local/bin/afl-clang-fast  -lpthread  -Wall -Wno-unused -DCHECK_FUNCTION_EXISTS=pcap_get_pfring_id   -lpthread CMakeFiles/cmTryCompileExec2866262046.dir/CheckFunctionExists.c.o  -o cmTryCompileExec2866262046 -rdynamic -lpcap 
CMakeFiles/cmTryCompileExec2866262046.dir/CheckFunctionExists.c.o: In function `main':
/usr/share/cmake-2.8/Modules/CheckFunctionExists.c:11: undefined reference to `pcap_get_pfring_id'
clang: error: linker command failed with exit code 1 (use -v to see invocation)
make[1]: Leaving directory `/home/default/bro2/bro/build/CMakeFiles/CMakeTmp'
make[1]: *** [cmTryCompileExec2866262046] Error 1
make: *** [cmTryCompileExec2866262046/fast] Error 2


Performing C SOURCE FILE Test ns_initparse_works_none failed with the following output:
Change Dir: /home/default/bro2/bro/build/CMakeFiles/CMakeTmp

Run Build Command:/usr/bin/make "cmTryCompileExec1739743722/fast"
/usr/bin/make -f CMakeFiles/cmTryCompileExec1739743722.dir/build.make CMakeFiles/cmTryCompileExec1739743722.dir/build
make[1]: Entering directory `/home/default/bro2/bro/build/CMakeFiles/CMakeTmp'
/usr/bin/cmake -E cmake_progress_report /home/default/bro2/bro/build/CMakeFiles/CMakeTmp/CMakeFiles 1
Building C object CMakeFiles/cmTryCompileExec1739743722.dir/src.c.o
/usr/local/bin/afl-clang-fast   -lpthread  -Wall -Wno-unused -Dns_initparse_works_none   -o CMakeFiles/cmTryCompileExec1739743722.dir/src.c.o   -c /home/default/bro2/bro/build/CMakeFiles/CMakeTmp/src.c
Linking C executable cmTryCompileExec1739743722
/usr/bin/cmake -E cmake_link_script CMakeFiles/cmTryCompileExec1739743722.dir/link.txt --verbose=1
/usr/local/bin/afl-clang-fast  -lpthread  -Wall -Wno-unused -Dns_initparse_works_none   -lpthread CMakeFiles/cmTryCompileExec1739743722.dir/src.c.o  -o cmTryCompileExec1739743722 -rdynamic 
CMakeFiles/cmTryCompileExec1739743722.dir/src.c.o: In function `main':
/home/default/bro2/bro/build/CMakeFiles/CMakeTmp/src.c:4: undefined reference to `ns_initparse'
clang: error: linker command failed with exit code 1 (use -v to see invocation)
make[1]: Leaving directory `/home/default/bro2/bro/build/CMakeFiles/CMakeTmp'
make[1]: *** [cmTryCompileExec1739743722] Error 1
make: *** [cmTryCompileExec1739743722/fast] Error 2

Source file was:

        #include <arpa/nameser.h>
        int main() {
            ns_initparse(0, 0, 0);
            return 0;
        }

Determining if the system is big endian passed with the following output:
Change Dir: /home/default/bro2/bro/build/CMakeFiles/CMakeTmp

Run Build Command:/usr/bin/make "cmTryCompileExec795556608/fast"
/usr/bin/make -f CMakeFiles/cmTryCompileExec795556608.dir/build.make CMakeFiles/cmTryCompileExec795556608.dir/build
make[1]: Entering directory `/home/default/bro2/bro/build/CMakeFiles/CMakeTmp'
/usr/bin/cmake -E cmake_progress_report /home/default/bro2/bro/build/CMakeFiles/CMakeTmp/CMakeFiles 1
Building C object CMakeFiles/cmTryCompileExec795556608.dir/TestEndianess.c.o
/usr/local/bin/afl-clang-fast   -lpthread  -Wall -Wno-unused    -o CMakeFiles/cmTryCompileExec795556608.dir/TestEndianess.c.o   -c /home/default/bro2/bro/build/CMakeFiles/CMakeTmp/TestEndianess.c
Linking C executable cmTryCompileExec795556608
/usr/bin/cmake -E cmake_link_script CMakeFiles/cmTryCompileExec795556608.dir/link.txt --verbose=1
/usr/local/bin/afl-clang-fast  -lpthread  -Wall -Wno-unused    -lpthread CMakeFiles/cmTryCompileExec795556608.dir/TestEndianess.c.o  -o cmTryCompileExec795556608 -rdynamic 
make[1]: Leaving directory `/home/default/bro2/bro/build/CMakeFiles/CMakeTmp'

TestEndianess.c:
/* A 16 bit integer is required. */
typedef unsigned short cmakeint16;

/* On a little endian machine, these 16bit ints will give "THIS IS LITTLE ENDIAN."
   On a big endian machine the characters will be exchanged pairwise. */
const cmakeint16 info_little[] =  {0x4854, 0x5349, 0x4920, 0x2053, 0x494c, 0x5454, 0x454c, 0x4520, 0x444e, 0x4149, 0x2e4e, 0x0000};

/* on a big endian machine, these 16bit ints will give "THIS IS BIG ENDIAN."
   On a little endian machine the characters will be exchanged pairwise. */
const cmakeint16 info_big[] =     {0x5448, 0x4953, 0x2049, 0x5320, 0x4249, 0x4720, 0x454e, 0x4449, 0x414e, 0x2e2e, 0x0000};

#ifdef __CLASSIC_C__
int main(argc, argv) int argc; char *argv[];
#else
int main(int argc, char *argv[])
#endif
{
  int require = 0;
  require += info_little[argc];
  require += info_big[argc];
  (void)argv;
  return require;
}


Determining if the system is big endian passed with the following output:
Change Dir: /home/default/bro2/bro/build/CMakeFiles/CMakeTmp

Run Build Command:/usr/bin/make "cmTryCompileExec288407348/fast"
/usr/bin/make -f CMakeFiles/cmTryCompileExec288407348.dir/build.make CMakeFiles/cmTryCompileExec288407348.dir/build
make[1]: Entering directory `/home/default/bro2/bro/build/CMakeFiles/CMakeTmp'
/usr/bin/cmake -E cmake_progress_report /home/default/bro2/bro/build/CMakeFiles/CMakeTmp/CMakeFiles 1
Building C object CMakeFiles/cmTryCompileExec288407348.dir/TestEndianess.c.o
/usr/local/bin/afl-clang-fast   -lpthread  -Wall -Wno-unused    -o CMakeFiles/cmTryCompileExec288407348.dir/TestEndianess.c.o   -c /home/default/bro2/bro/build/CMakeFiles/CMakeTmp/TestEndianess.c
Linking C executable cmTryCompileExec288407348
/usr/bin/cmake -E cmake_link_script CMakeFiles/cmTryCompileExec288407348.dir/link.txt --verbose=1
/usr/local/bin/afl-clang-fast  -lpthread  -Wall -Wno-unused    -lpthread CMakeFiles/cmTryCompileExec288407348.dir/TestEndianess.c.o  -o cmTryCompileExec288407348 -rdynamic 
make[1]: Leaving directory `/home/default/bro2/bro/build/CMakeFiles/CMakeTmp'

TestEndianess.c:
/* A 16 bit integer is required. */
typedef unsigned short cmakeint16;

/* On a little endian machine, these 16bit ints will give "THIS IS LITTLE ENDIAN."
   On a big endian machine the characters will be exchanged pairwise. */
const cmakeint16 info_little[] =  {0x4854, 0x5349, 0x4920, 0x2053, 0x494c, 0x5454, 0x454c, 0x4520, 0x444e, 0x4149, 0x2e4e, 0x0000};

/* on a big endian machine, these 16bit ints will give "THIS IS BIG ENDIAN."
   On a little endian machine the characters will be exchanged pairwise. */
const cmakeint16 info_big[] =     {0x5448, 0x4953, 0x2049, 0x5320, 0x4249, 0x4720, 0x454e, 0x4449, 0x414e, 0x2e2e, 0x0000};

#ifdef __CLASSIC_C__
int main(argc, argv) int argc; char *argv[];
#else
int main(int argc, char *argv[])
#endif
{
  int require = 0;
  require += info_little[argc];
  require += info_big[argc];
  (void)argv;
  return require;
}


Determining if the htonll exist failed with the following output:
Change Dir: /home/default/bro2/bro/build/CMakeFiles/CMakeTmp

Run Build Command:/usr/bin/make "cmTryCompileExec1497633233/fast"
/usr/bin/make -f CMakeFiles/cmTryCompileExec1497633233.dir/build.make CMakeFiles/cmTryCompileExec1497633233.dir/build
make[1]: Entering directory `/home/default/bro2/bro/build/CMakeFiles/CMakeTmp'
/usr/bin/cmake -E cmake_progress_report /home/default/bro2/bro/build/CMakeFiles/CMakeTmp/CMakeFiles 1
Building C object CMakeFiles/cmTryCompileExec1497633233.dir/CheckSymbolExists.c.o
/usr/local/bin/afl-clang-fast   -lpthread  -Wall -Wno-unused    -o CMakeFiles/cmTryCompileExec1497633233.dir/CheckSymbolExists.c.o   -c /home/default/bro2/bro/build/CMakeFiles/CMakeTmp/CheckSymbolExists.c
/home/default/bro2/bro/build/CMakeFiles/CMakeTmp/CheckSymbolExists.c:8:19: error: use of undeclared identifier 'htonll'; did you mean 'htonl'?
  return ((int*)(&htonll))[argc];
                  ^~~~~~
                  htonl
/usr/include/netinet/in.h:377:17: note: 'htonl' declared here
extern uint32_t htonl (uint32_t __hostlong)
                ^
1 error generated.
make[1]: Leaving directory `/home/default/bro2/bro/build/CMakeFiles/CMakeTmp'
make[1]: *** [CMakeFiles/cmTryCompileExec1497633233.dir/CheckSymbolExists.c.o] Error 1
make: *** [cmTryCompileExec1497633233/fast] Error 2

File /home/default/bro2/bro/build/CMakeFiles/CMakeTmp/CheckSymbolExists.c:
/* */
#include <arpa/inet.h>

int main(int argc, char** argv)
{
  (void)argv;
#ifndef htonll
  return ((int*)(&htonll))[argc];
#else
  (void)argc;
  return 0;
#endif
}

Determining if files sys/ethernet.h exist failed with the following output:
Change Dir: /home/default/bro2/bro/build/CMakeFiles/CMakeTmp

Run Build Command:/usr/bin/make "cmTryCompileExec1848565885/fast"
/usr/bin/make -f CMakeFiles/cmTryCompileExec1848565885.dir/build.make CMakeFiles/cmTryCompileExec1848565885.dir/build
make[1]: Entering directory `/home/default/bro2/bro/build/CMakeFiles/CMakeTmp'
/usr/bin/cmake -E cmake_progress_report /home/default/bro2/bro/build/CMakeFiles/CMakeTmp/CMakeFiles 1
Building C object CMakeFiles/cmTryCompileExec1848565885.dir/CheckIncludeFiles.c.o
/usr/local/bin/afl-clang-fast   -lpthread  -Wall -Wno-unused    -o CMakeFiles/cmTryCompileExec1848565885.dir/CheckIncludeFiles.c.o   -c /home/default/bro2/bro/build/CMakeFiles/CMakeTmp/CheckIncludeFiles.c
/home/default/bro2/bro/build/CMakeFiles/CMakeTmp/CheckIncludeFiles.c:2:10: fatal error: 'sys/ethernet.h' file not found
#include <sys/ethernet.h>
         ^
1 error generated.
make[1]: Leaving directory `/home/default/bro2/bro/build/CMakeFiles/CMakeTmp'
make[1]: *** [CMakeFiles/cmTryCompileExec1848565885.dir/CheckIncludeFiles.c.o] Error 1
make: *** [cmTryCompileExec1848565885/fast] Error 2

Source:
/* */
#include <sys/ethernet.h>


int main(){return 0;}

Determining if files net/ethertypes.h exist failed with the following output:
Change Dir: /home/default/bro2/bro/build/CMakeFiles/CMakeTmp

Run Build Command:/usr/bin/make "cmTryCompileExec2298725024/fast"
/usr/bin/make -f CMakeFiles/cmTryCompileExec2298725024.dir/build.make CMakeFiles/cmTryCompileExec2298725024.dir/build
make[1]: Entering directory `/home/default/bro2/bro/build/CMakeFiles/CMakeTmp'
/usr/bin/cmake -E cmake_progress_report /home/default/bro2/bro/build/CMakeFiles/CMakeTmp/CMakeFiles 1
Building C object CMakeFiles/cmTryCompileExec2298725024.dir/CheckIncludeFiles.c.o
/usr/local/bin/afl-clang-fast   -lpthread  -Wall -Wno-unused    -o CMakeFiles/cmTryCompileExec2298725024.dir/CheckIncludeFiles.c.o   -c /home/default/bro2/bro/build/CMakeFiles/CMakeTmp/CheckIncludeFiles.c
/home/default/bro2/bro/build/CMakeFiles/CMakeTmp/CheckIncludeFiles.c:2:10: fatal error: 'net/ethertypes.h' file not found
#include <net/ethertypes.h>
         ^
1 error generated.
make[1]: Leaving directory `/home/default/bro2/bro/build/CMakeFiles/CMakeTmp'
make[1]: *** [CMakeFiles/cmTryCompileExec2298725024.dir/CheckIncludeFiles.c.o] Error 1
make: *** [cmTryCompileExec2298725024/fast] Error 2

Source:
/* */
#include <net/ethertypes.h>


int main(){return 0;}

Determining if files os-proto.h exist failed with the following output:
Change Dir: /home/default/bro2/bro/build/CMakeFiles/CMakeTmp

Run Build Command:/usr/bin/make "cmTryCompileExec817229165/fast"
/usr/bin/make -f CMakeFiles/cmTryCompileExec817229165.dir/build.make CMakeFiles/cmTryCompileExec817229165.dir/build
make[1]: Entering directory `/home/default/bro2/bro/build/CMakeFiles/CMakeTmp'
/usr/bin/cmake -E cmake_progress_report /home/default/bro2/bro/build/CMakeFiles/CMakeTmp/CMakeFiles 1
Building C object CMakeFiles/cmTryCompileExec817229165.dir/CheckIncludeFiles.c.o
/usr/local/bin/afl-clang-fast   -lpthread  -Wall -Wno-unused    -o CMakeFiles/cmTryCompileExec817229165.dir/CheckIncludeFiles.c.o   -c /home/default/bro2/bro/build/CMakeFiles/CMakeTmp/CheckIncludeFiles.c
/home/default/bro2/bro/build/CMakeFiles/CMakeTmp/CheckIncludeFiles.c:2:10: fatal error: 'os-proto.h' file not found
#include <os-proto.h>
         ^
1 error generated.
make[1]: Leaving directory `/home/default/bro2/bro/build/CMakeFiles/CMakeTmp'
make[1]: *** [CMakeFiles/cmTryCompileExec817229165.dir/CheckIncludeFiles.c.o] Error 1
make: *** [cmTryCompileExec817229165/fast] Error 2

Source:
/* */
#include <os-proto.h>


int main(){return 0;}

Performing C SOURCE FILE Test HAVE_READLINE_HISTORY_ENTRIES failed with the following output:
Change Dir: /home/default/bro2/bro/build/CMakeFiles/CMakeTmp

Run Build Command:/usr/bin/make "cmTryCompileExec4260116330/fast"
/usr/bin/make -f CMakeFiles/cmTryCompileExec4260116330.dir/build.make CMakeFiles/cmTryCompileExec4260116330.dir/build
make[1]: Entering directory `/home/default/bro2/bro/build/CMakeFiles/CMakeTmp'
/usr/bin/cmake -E cmake_progress_report /home/default/bro2/bro/build/CMakeFiles/CMakeTmp/CMakeFiles 1
Building C object CMakeFiles/cmTryCompileExec4260116330.dir/src.c.o
/usr/local/bin/afl-clang-fast   -lpthread  -Wall -Wno-unused -DHAVE_READLINE_HISTORY_ENTRIES   -o CMakeFiles/cmTryCompileExec4260116330.dir/src.c.o   -c /home/default/bro2/bro/build/CMakeFiles/CMakeTmp/src.c
/home/default/bro2/bro/build/CMakeFiles/CMakeTmp/src.c:3:10: fatal error: 'readline/readline.h' file not found
#include <readline/readline.h>
         ^
1 error generated.
make[1]: Leaving directory `/home/default/bro2/bro/build/CMakeFiles/CMakeTmp'
make[1]: *** [CMakeFiles/cmTryCompileExec4260116330.dir/src.c.o] Error 1
make: *** [cmTryCompileExec4260116330/fast] Error 2

Source file was:

#include <stdio.h>
#include <readline/readline.h>

int main()
{
   HISTORY_STATE* tmp;
   tmp->entries;
  return 0;
}

Determining if files stdio.h;readline/readline.h exist failed with the following output:
Change Dir: /home/default/bro2/bro/build/CMakeFiles/CMakeTmp

Run Build Command:/usr/bin/make "cmTryCompileExec2597425852/fast"
/usr/bin/make -f CMakeFiles/cmTryCompileExec2597425852.dir/build.make CMakeFiles/cmTryCompileExec2597425852.dir/build
make[1]: Entering directory `/home/default/bro2/bro/build/CMakeFiles/CMakeTmp'
/usr/bin/cmake -E cmake_progress_report /home/default/bro2/bro/build/CMakeFiles/CMakeTmp/CMakeFiles 1
Building C object CMakeFiles/cmTryCompileExec2597425852.dir/CheckIncludeFiles.c.o
/usr/local/bin/afl-clang-fast   -lpthread  -Wall -Wno-unused    -o CMakeFiles/cmTryCompileExec2597425852.dir/CheckIncludeFiles.c.o   -c /home/default/bro2/bro/build/CMakeFiles/CMakeTmp/CheckIncludeFiles.c
/home/default/bro2/bro/build/CMakeFiles/CMakeTmp/CheckIncludeFiles.c:3:10: fatal error: 'readline/readline.h' file not found
#include <readline/readline.h>
         ^
1 error generated.
make[1]: Leaving directory `/home/default/bro2/bro/build/CMakeFiles/CMakeTmp'
make[1]: *** [CMakeFiles/cmTryCompileExec2597425852.dir/CheckIncludeFiles.c.o] Error 1
make: *** [cmTryCompileExec2597425852/fast] Error 2

Source:
/* */
#include <stdio.h>
#include <readline/readline.h>


int main(){return 0;}

Determining if files stdio.h;readline/history.h exist failed with the following output:
Change Dir: /home/default/bro2/bro/build/CMakeFiles/CMakeTmp

Run Build Command:/usr/bin/make "cmTryCompileExec2545985654/fast"
/usr/bin/make -f CMakeFiles/cmTryCompileExec2545985654.dir/build.make CMakeFiles/cmTryCompileExec2545985654.dir/build
make[1]: Entering directory `/home/default/bro2/bro/build/CMakeFiles/CMakeTmp'
/usr/bin/cmake -E cmake_progress_report /home/default/bro2/bro/build/CMakeFiles/CMakeTmp/CMakeFiles 1
Building C object CMakeFiles/cmTryCompileExec2545985654.dir/CheckIncludeFiles.c.o
/usr/local/bin/afl-clang-fast   -lpthread  -Wall -Wno-unused    -o CMakeFiles/cmTryCompileExec2545985654.dir/CheckIncludeFiles.c.o   -c /home/default/bro2/bro/build/CMakeFiles/CMakeTmp/CheckIncludeFiles.c
/home/default/bro2/bro/build/CMakeFiles/CMakeTmp/CheckIncludeFiles.c:3:10: fatal error: 'readline/history.h' file not found
#include <readline/history.h>
         ^
1 error generated.
make[1]: Leaving directory `/home/default/bro2/bro/build/CMakeFiles/CMakeTmp'
make[1]: *** [CMakeFiles/cmTryCompileExec2545985654.dir/CheckIncludeFiles.c.o] Error 1
make: *** [cmTryCompileExec2545985654/fast] Error 2

Source:
/* */
#include <stdio.h>
#include <readline/history.h>


int main(){return 0;}

Performing C SOURCE FILE Test SIN_LEN failed with the following output:
Change Dir: /home/default/bro2/bro/build/CMakeFiles/CMakeTmp

Run Build Command:/usr/bin/make "cmTryCompileExec3884242736/fast"
/usr/bin/make -f CMakeFiles/cmTryCompileExec3884242736.dir/build.make CMakeFiles/cmTryCompileExec3884242736.dir/build
make[1]: Entering directory `/home/default/bro2/bro/build/CMakeFiles/CMakeTmp'
/usr/bin/cmake -E cmake_progress_report /home/default/bro2/bro/build/CMakeFiles/CMakeTmp/CMakeFiles 1
Building C object CMakeFiles/cmTryCompileExec3884242736.dir/src.c.o
/usr/local/bin/afl-clang-fast   -lpthread  -Wall -Wno-unused -DSIN_LEN   -o CMakeFiles/cmTryCompileExec3884242736.dir/src.c.o   -c /home/default/bro2/bro/build/CMakeFiles/CMakeTmp/src.c
/home/default/bro2/bro/build/CMakeFiles/CMakeTmp/src.c:7:9: error: no member named 'sin_len' in 'struct sockaddr_in'
   tmp->sin_len;
   ~~~  ^
1 error generated.
make[1]: Leaving directory `/home/default/bro2/bro/build/CMakeFiles/CMakeTmp'
make[1]: *** [CMakeFiles/cmTryCompileExec3884242736.dir/src.c.o] Error 1
make: *** [cmTryCompileExec3884242736/fast] Error 2

Source file was:

#include <netinet/in.h>

int main()
{
   struct sockaddr_in* tmp;
   tmp->sin_len;
  return 0;
}

Determining if the IPPROTO_IPV4 exist failed with the following output:
Change Dir: /home/default/bro2/bro/build/CMakeFiles/CMakeTmp

Run Build Command:/usr/bin/make "cmTryCompileExec1073652949/fast"
/usr/bin/make -f CMakeFiles/cmTryCompileExec1073652949.dir/build.make CMakeFiles/cmTryCompileExec1073652949.dir/build
make[1]: Entering directory `/home/default/bro2/bro/build/CMakeFiles/CMakeTmp'
/usr/bin/cmake -E cmake_progress_report /home/default/bro2/bro/build/CMakeFiles/CMakeTmp/CMakeFiles 1
Building C object CMakeFiles/cmTryCompileExec1073652949.dir/CheckSymbolExists.c.o
/usr/local/bin/afl-clang-fast   -lpthread  -Wall -Wno-unused    -o CMakeFiles/cmTryCompileExec1073652949.dir/CheckSymbolExists.c.o   -c /home/default/bro2/bro/build/CMakeFiles/CMakeTmp/CheckSymbolExists.c
/home/default/bro2/bro/build/CMakeFiles/CMakeTmp/CheckSymbolExists.c:8:19: error: use of undeclared identifier 'IPPROTO_IPV4'; did you mean 'IPPROTO_IPV6'?
  return ((int*)(&IPPROTO_IPV4))[argc];
                  ^~~~~~~~~~~~
                  IPPROTO_IPV6
/usr/include/netinet/in.h:64:5: note: 'IPPROTO_IPV6' declared here
    IPPROTO_IPV6 = 41,     /* IPv6 header.  */
    ^
/home/default/bro2/bro/build/CMakeFiles/CMakeTmp/CheckSymbolExists.c:8:18: error: cannot take the address of an rvalue of type 'int'
  return ((int*)(&IPPROTO_IPV4))[argc];
                 ^~~~~~~~~~~~~
2 errors generated.
make[1]: Leaving directory `/home/default/bro2/bro/build/CMakeFiles/CMakeTmp'
make[1]: *** [CMakeFiles/cmTryCompileExec1073652949.dir/CheckSymbolExists.c.o] Error 1
make: *** [cmTryCompileExec1073652949/fast] Error 2

File /home/default/bro2/bro/build/CMakeFiles/CMakeTmp/CheckSymbolExists.c:
/* */
#include <netinet/in.h>

int main(int argc, char** argv)
{
  (void)argv;
#ifndef IPPROTO_IPV4
  return ((int*)(&IPPROTO_IPV4))[argc];
#else
  (void)argc;
  return 0;
#endif
}

Performing C SOURCE FILE Test DO_SOCK_DECL failed with the following output:
Change Dir: /home/default/bro2/bro/build/CMakeFiles/CMakeTmp

Run Build Command:/usr/bin/make "cmTryCompileExec2775653917/fast"
/usr/bin/make -f CMakeFiles/cmTryCompileExec2775653917.dir/build.make CMakeFiles/cmTryCompileExec2775653917.dir/build
make[1]: Entering directory `/home/default/bro2/bro/build/CMakeFiles/CMakeTmp'
/usr/bin/cmake -E cmake_progress_report /home/default/bro2/bro/build/CMakeFiles/CMakeTmp/CMakeFiles 1
Building C object CMakeFiles/cmTryCompileExec2775653917.dir/src.c.o
/usr/local/bin/afl-clang-fast   -lpthread  -Wall -Wno-unused -DDO_SOCK_DECL   -o CMakeFiles/cmTryCompileExec2775653917.dir/src.c.o   -c /home/default/bro2/bro/build/CMakeFiles/CMakeTmp/src.c
/home/default/bro2/bro/build/CMakeFiles/CMakeTmp/src.c:5:16: error: conflicting types for 'connect'
    extern int connect(int, const struct sockaddr *, int);
               ^
/usr/include/x86_64-linux-gnu/sys/socket.h:137:12: note: previous declaration is here
extern int connect (int __fd, __CONST_SOCKADDR_ARG __addr, socklen_t __len);
           ^
/home/default/bro2/bro/build/CMakeFiles/CMakeTmp/src.c:6:16: error: conflicting types for 'send'
    extern int send(int, const void *, int, int);
               ^
/usr/include/x86_64-linux-gnu/sys/socket.h:149:16: note: previous declaration is here
extern ssize_t send (int __fd, const void *__buf, size_t __n, int __flags);
               ^
/home/default/bro2/bro/build/CMakeFiles/CMakeTmp/src.c:7:16: error: conflicting types for 'recvfrom'
    extern int recvfrom(int, void *, int, int, struct sockaddr *, int *);
               ^
/usr/include/x86_64-linux-gnu/sys/socket.h:174:16: note: previous declaration is here
extern ssize_t recvfrom (int __fd, void *__restrict __buf, size_t __n,
               ^
3 errors generated.
make[1]: Leaving directory `/home/default/bro2/bro/build/CMakeFiles/CMakeTmp'
make[1]: *** [CMakeFiles/cmTryCompileExec2775653917.dir/src.c.o] Error 1
make: *** [cmTryCompileExec2775653917/fast] Error 2

Source file was:

    #include <sys/types.h>
    #include <sys/socket.h>
    extern int socket(int, int, int);
    extern int connect(int, const struct sockaddr *, int);
    extern int send(int, const void *, int, int);
    extern int recvfrom(int, void *, int, int, struct sockaddr *, int *);
    int main() { return 0; }

Performing C++ SOURCE FILE Test SYSLOG_INT failed with the following output:
Change Dir: /home/default/bro2/bro/build/CMakeFiles/CMakeTmp

Run Build Command:/usr/bin/make "cmTryCompileExec2197071435/fast"
/usr/bin/make -f CMakeFiles/cmTryCompileExec2197071435.dir/build.make CMakeFiles/cmTryCompileExec2197071435.dir/build
make[1]: Entering directory `/home/default/bro2/bro/build/CMakeFiles/CMakeTmp'
/usr/bin/cmake -E cmake_progress_report /home/default/bro2/bro/build/CMakeFiles/CMakeTmp/CMakeFiles 1
Building CXX object CMakeFiles/cmTryCompileExec2197071435.dir/src.cxx.o
/usr/local/bin/afl-clang-fast++    -lpthread  -Wall -Wno-unused -DSYSLOG_INT   -o CMakeFiles/cmTryCompileExec2197071435.dir/src.cxx.o -c /home/default/bro2/bro/build/CMakeFiles/CMakeTmp/src.cxx
/home/default/bro2/bro/build/CMakeFiles/CMakeTmp/src.cxx:5:13: error: functions that differ only in their return type cannot be overloaded
        int openlog(const char* ident, int logopt, int facility);
            ^
/usr/include/x86_64-linux-gnu/sys/syslog.h:181:13: note: previous declaration is here
extern void openlog (const char *__ident, int __option, int __facility);
            ^
/home/default/bro2/bro/build/CMakeFiles/CMakeTmp/src.cxx:6:13: error: functions that differ only in their return type cannot be overloaded
        int syslog(int priority, const char* message_fmt, ...);
            ^
/usr/include/x86_64-linux-gnu/sys/syslog.h:190:13: note: previous declaration is here
extern void syslog (int __pri, const char *__fmt, ...)
            ^
/home/default/bro2/bro/build/CMakeFiles/CMakeTmp/src.cxx:7:13: error: functions that differ only in their return type cannot be overloaded
        int closelog();
            ^
/usr/include/x86_64-linux-gnu/sys/syslog.h:175:13: note: previous declaration is here
extern void closelog (void);
            ^
3 errors generated.
make[1]: Leaving directory `/home/default/bro2/bro/build/CMakeFiles/CMakeTmp'
make[1]: *** [CMakeFiles/cmTryCompileExec2197071435.dir/src.cxx.o] Error 1
make: *** [cmTryCompileExec2197071435/fast] Error 2

Source file was:

    #include <stdlib.h>
    #include <syslog.h>
    extern "C" {
        int openlog(const char* ident, int logopt, int facility);
        int syslog(int priority, const char* message_fmt, ...);
        int closelog();
    }
    int main() { return 0; }

Determining if files pcap-int.h exist failed with the following output:
Change Dir: /home/default/bro2/bro/build/CMakeFiles/CMakeTmp

Run Build Command:/usr/bin/make "cmTryCompileExec248182741/fast"
/usr/bin/make -f CMakeFiles/cmTryCompileExec248182741.dir/build.make CMakeFiles/cmTryCompileExec248182741.dir/build
make[1]: Entering directory `/home/default/bro2/bro/build/CMakeFiles/CMakeTmp'
/usr/bin/cmake -E cmake_progress_report /home/default/bro2/bro/build/CMakeFiles/CMakeTmp/CMakeFiles 1
Building C object CMakeFiles/cmTryCompileExec248182741.dir/CheckIncludeFiles.c.o
/usr/local/bin/afl-clang-fast   -lpthread  -Wall -Wno-unused    -o CMakeFiles/cmTryCompileExec248182741.dir/CheckIncludeFiles.c.o   -c /home/default/bro2/bro/build/CMakeFiles/CMakeTmp/CheckIncludeFiles.c
/home/default/bro2/bro/build/CMakeFiles/CMakeTmp/CheckIncludeFiles.c:2:10: fatal error: 'pcap-int.h' file not found
#include <pcap-int.h>
         ^
1 error generated.
make[1]: Leaving directory `/home/default/bro2/bro/build/CMakeFiles/CMakeTmp'
make[1]: *** [CMakeFiles/cmTryCompileExec248182741.dir/CheckIncludeFiles.c.o] Error 1
make: *** [cmTryCompileExec248182741/fast] Error 2

Source:
/* */
#include <pcap-int.h>


int main(){return 0;}

Performing C SOURCE FILE Test LIBPCAP_PCAP_COMPILE_NOPCAP_HAS_ERROR_PARAMETER failed with the following output:
Change Dir: /home/default/bro2/bro/build/CMakeFiles/CMakeTmp

Run Build Command:/usr/bin/make "cmTryCompileExec600661462/fast"
/usr/bin/make -f CMakeFiles/cmTryCompileExec600661462.dir/build.make CMakeFiles/cmTryCompileExec600661462.dir/build
make[1]: Entering directory `/home/default/bro2/bro/build/CMakeFiles/CMakeTmp'
/usr/bin/cmake -E cmake_progress_report /home/default/bro2/bro/build/CMakeFiles/CMakeTmp/CMakeFiles 1
Building C object CMakeFiles/cmTryCompileExec600661462.dir/src.c.o
/usr/local/bin/afl-clang-fast   -lpthread  -Wall -Wno-unused -DLIBPCAP_PCAP_COMPILE_NOPCAP_HAS_ERROR_PARAMETER   -o CMakeFiles/cmTryCompileExec600661462.dir/src.c.o   -c /home/default/bro2/bro/build/CMakeFiles/CMakeTmp/src.c
/home/default/bro2/bro/build/CMakeFiles/CMakeTmp/src.c:17:57: error: too many arguments to function call, expected 6, have 7
        snaplen, linktype, &fp, str, optimize, netmask, &error);
                                                        ^~~~~~
/usr/include/pcap/pcap.h:391:1: note: 'pcap_compile_nopcap' declared here
int     pcap_compile_nopcap(int, int, struct bpf_program *,
^
1 error generated.
make[1]: Leaving directory `/home/default/bro2/bro/build/CMakeFiles/CMakeTmp'
make[1]: *** [CMakeFiles/cmTryCompileExec600661462.dir/src.c.o] Error 1
make: *** [cmTryCompileExec600661462/fast] Error 2

Source file was:

#include <pcap.h>
int main () {
    int snaplen;
    int linktype;
    struct bpf_program fp;
    int optimize;
    bpf_u_int32 netmask;
    char str[10];
    char error[1024];
    snaplen = 50;
    linktype = DLT_EN10MB;
    optimize = 1;
    netmask = 0L;
    str[0] = 'i'; str[1] = 'p'; str[2] = '\0';
    (void)pcap_compile_nopcap(
        snaplen, linktype, &fp, str, optimize, netmask, &error);
    return 0;
}

